[17:41:07.207] Global cache location '/home/hamza/.cache/typescript/4.7', safe file path '/home/hamza/.emacs.d/var/lsp/server/npm/typescript/lib/node_modules/typescript/lib/typingSafeList.json', types map path /home/hamza/.emacs.d/var/lsp/server/npm/typescript/lib/node_modules/typescript/lib/typesMap.json
[17:41:07.208] Processing cache location '/home/hamza/.cache/typescript/4.7'
[17:41:07.208] Trying to find '/home/hamza/.cache/typescript/4.7/package.json'...
[17:41:07.208] Loaded content of '/home/hamza/.cache/typescript/4.7/package.json': {"private":true,"dependencies":{"types-registry":"^0.1.602"},"devDependencies":{"@types/babel__core":"^7.1.19","@types/babel__preset-env":"^7.9.2","@types/react":"^18.0.15","@types/react-dom":"^18.0.6"}}
[17:41:07.208] Loaded content of '/home/hamza/.cache/typescript/4.7/package-lock.json'
[17:41:07.219] Adding entry into typings cache: 'babel__core' => '/home/hamza/.cache/typescript/4.7/node_modules/@types/babel__core/index.d.ts'
[17:41:07.220] Adding entry into typings cache: 'babel__preset-env' => '/home/hamza/.cache/typescript/4.7/node_modules/@types/babel__preset-env/index.d.ts'
[17:41:07.223] Adding entry into typings cache: 'react' => '/home/hamza/.cache/typescript/4.7/node_modules/@types/react/index.d.ts'
[17:41:07.224] Adding entry into typings cache: 'react-dom' => '/home/hamza/.cache/typescript/4.7/node_modules/@types/react-dom/index.d.ts'
[17:41:07.224] Finished processing cache location '/home/hamza/.cache/typescript/4.7'
[17:41:07.225] Process id: 18413
[17:41:07.225] NPM location: /usr/bin/npm (explicit '--npmLocation' not  provided)
[17:41:07.225] validateDefaultNpmLocation: false
[17:41:07.225] Npm config file: /home/hamza/.cache/typescript/4.7/package.json
[17:41:07.225] Updating types-registry npm package...
[17:41:07.225] Exec: /usr/bin/npm install --ignore-scripts types-registry@latest
[17:41:08.309]     Succeeded. stdout:
    
    up to date, audited 16 packages in 887ms

found 0 vulnerabilities

[17:41:08.310] Updated types-registry npm package
[17:41:11.382] Got install request {"projectName":"/dev/null/inferredProject1*","fileNames":["/home/hamza/.emacs.d/var/lsp/server/npm/typescript/lib/node_modules/typescript/lib/lib.es5.d.ts","/home/hamza/.emacs.d/var/lsp/server/npm/typescript/lib/node_modules/typescript/lib/lib.es2015.d.ts","/home/hamza/.emacs.d/var/lsp/server/npm/typescript/lib/node_modules/typescript/lib/lib.es2016.d.ts","/home/hamza/.emacs.d/var/lsp/server/npm/typescript/lib/node_modules/typescript/lib/lib.dom.d.ts","/home/hamza/.emacs.d/var/lsp/server/npm/typescript/lib/node_modules/typescript/lib/lib.dom.iterable.d.ts","/home/hamza/.emacs.d/var/lsp/server/npm/typescript/lib/node_modules/typescript/lib/lib.webworker.importscripts.d.ts","/home/hamza/.emacs.d/var/lsp/server/npm/typescript/lib/node_modules/typescript/lib/lib.scripthost.d.ts","/home/hamza/.emacs.d/var/lsp/server/npm/typescript/lib/node_modules/typescript/lib/lib.es2015.core.d.ts","/home/hamza/.emacs.d/var/lsp/server/npm/typescript/lib/node_modules/typescript/lib/lib.es2015.collection.d.ts","/home/hamza/.emacs.d/var/lsp/server/npm/typescript/lib/node_modules/typescript/lib/lib.es2015.generator.d.ts","/home/hamza/.emacs.d/var/lsp/server/npm/typescript/lib/node_modules/typescript/lib/lib.es2015.iterable.d.ts","/home/hamza/.emacs.d/var/lsp/server/npm/typescript/lib/node_modules/typescript/lib/lib.es2015.promise.d.ts","/home/hamza/.emacs.d/var/lsp/server/npm/typescript/lib/node_modules/typescript/lib/lib.es2015.proxy.d.ts","/home/hamza/.emacs.d/var/lsp/server/npm/typescript/lib/node_modules/typescript/lib/lib.es2015.reflect.d.ts","/home/hamza/.emacs.d/var/lsp/server/npm/typescript/lib/node_modules/typescript/lib/lib.es2015.symbol.d.ts","/home/hamza/.emacs.d/var/lsp/server/npm/typescript/lib/node_modules/typescript/lib/lib.es2015.symbol.wellknown.d.ts","/home/hamza/.emacs.d/var/lsp/server/npm/typescript/lib/node_modules/typescript/lib/lib.es2016.array.include.d.ts","/home/hamza/.emacs.d/var/lsp/server/npm/typescript/lib/node_modules/typescript/lib/lib.es2016.full.d.ts","/home/hamza/dev/react/tenzies/src/components/die.jsx","/home/hamza/dev/react/tenzies/src/components/stopwatch.jsx","/home/hamza/dev/react/tenzies/src/App.js"],"compilerOptions":{"module":1,"target":3,"jsx":1,"allowJs":true,"allowSyntheticDefaultImports":true,"allowNonTsExtensions":true,"noEmitForJsFiles":true,"maxNodeModuleJsDepth":2},"typeAcquisition":{"enable":true,"include":[],"exclude":[]},"unresolvedImports":[],"projectRootPath":"/home/hamza/dev/react/tenzies/src","kind":"discover"}
[17:41:11.393] Loaded safelist from types map file '/home/hamza/.emacs.d/var/lsp/server/npm/typescript/lib/node_modules/typescript/lib/typesMap.json'
[17:41:11.393] Explicitly included types: []
[17:41:11.394] Inferred 'react' typings due to presence of '.jsx' extension
[17:41:11.394] Inferred typings from unresolved imports: []
[17:41:11.394] Result: {"cachedTypingPaths":["/home/hamza/.cache/typescript/4.7/node_modules/@types/react/index.d.ts"],"newTypingNames":[],"filesToWatch":["/home/hamza/dev/react/tenzies/src/components/bower_components","/home/hamza/dev/react/tenzies/src/components/node_modules","/home/hamza/dev/react/tenzies/src/bower_components","/home/hamza/dev/react/tenzies/src/node_modules"]}
[17:41:11.394] Finished typings discovery: {"cachedTypingPaths":["/home/hamza/.cache/typescript/4.7/node_modules/@types/react/index.d.ts"],"newTypingNames":[],"filesToWatch":["/home/hamza/dev/react/tenzies/src/components/bower_components","/home/hamza/dev/react/tenzies/src/components/node_modules","/home/hamza/dev/react/tenzies/src/bower_components","/home/hamza/dev/react/tenzies/src/node_modules"]}
[17:41:11.394] DirectoryWatcher:: Added:: WatchInfo: /home/hamza/dev/react/tenzies/src/components
[17:41:11.394] DirectoryWatcher:: Added:: WatchInfo: /home/hamza/dev/react/tenzies/src/components 1 undefined Project: /dev/null/inferredProject1* watcher already invoked: false
[17:41:11.395] Elapsed:: 0.85988400131464ms DirectoryWatcher:: Added:: WatchInfo: /home/hamza/dev/react/tenzies/src/components 1 undefined Project: /dev/null/inferredProject1* watcher already invoked: false
[17:41:11.396] DirectoryWatcher:: Added:: WatchInfo: /home/hamza/dev/react/tenzies/src/bower_components
[17:41:11.396] DirectoryWatcher:: Added:: WatchInfo: /home/hamza/dev/react/tenzies/src/bower_components 1 undefined Project: /dev/null/inferredProject1* watcher already invoked: false
[17:41:11.396] Elapsed:: 0.5278510004281998ms DirectoryWatcher:: Added:: WatchInfo: /home/hamza/dev/react/tenzies/src/bower_components 1 undefined Project: /dev/null/inferredProject1* watcher already invoked: false
[17:41:11.396] DirectoryWatcher:: Added:: WatchInfo: /home/hamza/dev/react/tenzies/src/node_modules
[17:41:11.396] DirectoryWatcher:: Added:: WatchInfo: /home/hamza/dev/react/tenzies/src/node_modules 1 undefined Project: /dev/null/inferredProject1* watcher already invoked: false
[17:41:11.397] Elapsed:: 0.16930799931287766ms DirectoryWatcher:: Added:: WatchInfo: /home/hamza/dev/react/tenzies/src/node_modules 1 undefined Project: /dev/null/inferredProject1* watcher already invoked: false
[17:41:11.397] Sending response:
    {"projectName":"/dev/null/inferredProject1*","typeAcquisition":{"enable":true,"include":[],"exclude":[]},"compilerOptions":{"module":1,"target":3,"jsx":1,"allowJs":true,"allowSyntheticDefaultImports":true,"allowNonTsExtensions":true,"noEmitForJsFiles":true,"maxNodeModuleJsDepth":2},"typings":["/home/hamza/.cache/typescript/4.7/node_modules/@types/react/index.d.ts"],"unresolvedImports":[],"kind":"action::set"}
[17:41:11.397] Response has been sent.
[17:41:11.397] No new typings were requested as a result of typings discovery
[17:41:11.852] Got install request {"projectName":"/dev/null/inferredProject1*","fileNames":["/home/hamza/.emacs.d/var/lsp/server/npm/typescript/lib/node_modules/typescript/lib/lib.es5.d.ts","/home/hamza/.emacs.d/var/lsp/server/npm/typescript/lib/node_modules/typescript/lib/lib.es2015.d.ts","/home/hamza/.emacs.d/var/lsp/server/npm/typescript/lib/node_modules/typescript/lib/lib.es2016.d.ts","/home/hamza/.emacs.d/var/lsp/server/npm/typescript/lib/node_modules/typescript/lib/lib.dom.d.ts","/home/hamza/.emacs.d/var/lsp/server/npm/typescript/lib/node_modules/typescript/lib/lib.dom.iterable.d.ts","/home/hamza/.emacs.d/var/lsp/server/npm/typescript/lib/node_modules/typescript/lib/lib.webworker.importscripts.d.ts","/home/hamza/.emacs.d/var/lsp/server/npm/typescript/lib/node_modules/typescript/lib/lib.scripthost.d.ts","/home/hamza/.emacs.d/var/lsp/server/npm/typescript/lib/node_modules/typescript/lib/lib.es2015.core.d.ts","/home/hamza/.emacs.d/var/lsp/server/npm/typescript/lib/node_modules/typescript/lib/lib.es2015.collection.d.ts","/home/hamza/.emacs.d/var/lsp/server/npm/typescript/lib/node_modules/typescript/lib/lib.es2015.generator.d.ts","/home/hamza/.emacs.d/var/lsp/server/npm/typescript/lib/node_modules/typescript/lib/lib.es2015.iterable.d.ts","/home/hamza/.emacs.d/var/lsp/server/npm/typescript/lib/node_modules/typescript/lib/lib.es2015.promise.d.ts","/home/hamza/.emacs.d/var/lsp/server/npm/typescript/lib/node_modules/typescript/lib/lib.es2015.proxy.d.ts","/home/hamza/.emacs.d/var/lsp/server/npm/typescript/lib/node_modules/typescript/lib/lib.es2015.reflect.d.ts","/home/hamza/.emacs.d/var/lsp/server/npm/typescript/lib/node_modules/typescript/lib/lib.es2015.symbol.d.ts","/home/hamza/.emacs.d/var/lsp/server/npm/typescript/lib/node_modules/typescript/lib/lib.es2015.symbol.wellknown.d.ts","/home/hamza/.emacs.d/var/lsp/server/npm/typescript/lib/node_modules/typescript/lib/lib.es2016.array.include.d.ts","/home/hamza/.emacs.d/var/lsp/server/npm/typescript/lib/node_modules/typescript/lib/lib.es2016.full.d.ts","/home/hamza/dev/react/tenzies/src/components/die.jsx","/home/hamza/dev/react/tenzies/src/components/stopwatch.jsx","/home/hamza/dev/react/tenzies/src/App.js","/home/hamza/.cache/typescript/4.7/node_modules/@types/react/global.d.ts","/home/hamza/.cache/typescript/4.7/node_modules/@types/react/index.d.ts"],"compilerOptions":{"module":1,"target":3,"jsx":1,"allowJs":true,"allowSyntheticDefaultImports":true,"allowNonTsExtensions":true,"noEmitForJsFiles":true,"maxNodeModuleJsDepth":2},"typeAcquisition":{"enable":true,"include":[],"exclude":[]},"unresolvedImports":[],"projectRootPath":"/home/hamza/dev/react/tenzies/src","kind":"discover"}
[17:41:11.852] Explicitly included types: []
[17:41:11.852] Inferred 'react' typings due to presence of '.jsx' extension
[17:41:11.852] Inferred typings from unresolved imports: []
[17:41:11.852] Result: {"cachedTypingPaths":["/home/hamza/.cache/typescript/4.7/node_modules/@types/react/index.d.ts"],"newTypingNames":[],"filesToWatch":["/home/hamza/dev/react/tenzies/src/components/bower_components","/home/hamza/dev/react/tenzies/src/components/node_modules","/home/hamza/dev/react/tenzies/src/bower_components","/home/hamza/dev/react/tenzies/src/node_modules"]}
[17:41:11.853] Finished typings discovery: {"cachedTypingPaths":["/home/hamza/.cache/typescript/4.7/node_modules/@types/react/index.d.ts"],"newTypingNames":[],"filesToWatch":["/home/hamza/dev/react/tenzies/src/components/bower_components","/home/hamza/dev/react/tenzies/src/components/node_modules","/home/hamza/dev/react/tenzies/src/bower_components","/home/hamza/dev/react/tenzies/src/node_modules"]}
[17:41:11.853] Sending response:
    {"projectName":"/dev/null/inferredProject1*","typeAcquisition":{"enable":true,"include":[],"exclude":[]},"compilerOptions":{"module":1,"target":3,"jsx":1,"allowJs":true,"allowSyntheticDefaultImports":true,"allowNonTsExtensions":true,"noEmitForJsFiles":true,"maxNodeModuleJsDepth":2},"typings":["/home/hamza/.cache/typescript/4.7/node_modules/@types/react/index.d.ts"],"unresolvedImports":[],"kind":"action::set"}
[17:41:11.853] Response has been sent.
[17:41:11.853] No new typings were requested as a result of typings discovery
[19:07:34.640] sysLog:: onTimerToUpdateChildWatches:: 1
[19:07:34.641] sysLog:: invokingWatchers:: Elapsed:: 0.36488499864935875ms:: 0
[19:07:34.641] DirectoryWatcher:: Triggered with /home/hamza/dev/react/tenzies/src/components/stopwatch.jsx 0:: WatchInfo: /home/hamza/dev/react/tenzies/src/components 1 undefined Project: /dev/null/inferredProject1* watcher already invoked: false
[19:07:34.642] Elapsed:: 0.16861600056290627ms DirectoryWatcher:: Triggered with /home/hamza/dev/react/tenzies/src/components/stopwatch.jsx 0:: WatchInfo: /home/hamza/dev/react/tenzies/src/components 1 undefined Project: /dev/null/inferredProject1* watcher already invoked: false
[19:07:34.642] DirectoryWatcher:: Triggered with /home/hamza/dev/react/tenzies/src/components/stopwatch.jsx 1:: WatchInfo: /home/hamza/dev/react/tenzies/src/components 1 undefined Project: /dev/null/inferredProject1* watcher already invoked: false
[19:07:34.642] Elapsed:: 0.01618099957704544ms DirectoryWatcher:: Triggered with /home/hamza/dev/react/tenzies/src/components/stopwatch.jsx 1:: WatchInfo: /home/hamza/dev/react/tenzies/src/components 1 undefined Project: /dev/null/inferredProject1* watcher already invoked: false
[19:07:34.642] sysLog:: Elapsed:: 1.7266599982976913ms:: onTimerToUpdateChildWatches:: 0 undefined
[19:07:46.529] sysLog:: onTimerToUpdateChildWatches:: 1
[19:07:46.529] sysLog:: invokingWatchers:: Elapsed:: 0.14473199844360352ms:: 0
[19:07:46.529] DirectoryWatcher:: Triggered with /home/hamza/dev/react/tenzies/src/components/#stopwatch.jsx# 0:: WatchInfo: /home/hamza/dev/react/tenzies/src/components 1 undefined Project: /dev/null/inferredProject1* watcher already invoked: false
[19:07:46.529] Elapsed:: 0.01054999977350235ms DirectoryWatcher:: Triggered with /home/hamza/dev/react/tenzies/src/components/#stopwatch.jsx# 0:: WatchInfo: /home/hamza/dev/react/tenzies/src/components 1 undefined Project: /dev/null/inferredProject1* watcher already invoked: false
[19:07:46.529] sysLog:: Elapsed:: 0.25412699952721596ms:: onTimerToUpdateChildWatches:: 0 undefined
[19:07:55.692] sysLog:: onTimerToUpdateChildWatches:: 1
[19:07:55.693] sysLog:: invokingWatchers:: Elapsed:: 0.24555999785661697ms:: 0
[19:07:55.693] DirectoryWatcher:: Triggered with /home/hamza/dev/react/tenzies/src/components/#stopwatch.jsx# 0:: WatchInfo: /home/hamza/dev/react/tenzies/src/components 1 undefined Project: /dev/null/inferredProject1* watcher already invoked: false
[19:07:55.693] Elapsed:: 0.02583799883723259ms DirectoryWatcher:: Triggered with /home/hamza/dev/react/tenzies/src/components/#stopwatch.jsx# 0:: WatchInfo: /home/hamza/dev/react/tenzies/src/components 1 undefined Project: /dev/null/inferredProject1* watcher already invoked: false
[19:07:55.693] sysLog:: Elapsed:: 0.5403640009462833ms:: onTimerToUpdateChildWatches:: 0 undefined
[19:12:07.238] sysLog:: onTimerToUpdateChildWatches:: 1
[19:12:07.239] sysLog:: invokingWatchers:: Elapsed:: 0.29491300135850906ms:: 0
[19:12:07.239] DirectoryWatcher:: Triggered with /home/hamza/dev/react/tenzies/src/components/#stopwatch.jsx# 0:: WatchInfo: /home/hamza/dev/react/tenzies/src/components 1 undefined Project: /dev/null/inferredProject1* watcher already invoked: false
[19:12:07.239] Elapsed:: 0.04930200055241585ms DirectoryWatcher:: Triggered with /home/hamza/dev/react/tenzies/src/components/#stopwatch.jsx# 0:: WatchInfo: /home/hamza/dev/react/tenzies/src/components 1 undefined Project: /dev/null/inferredProject1* watcher already invoked: false
[19:12:07.239] sysLog:: Elapsed:: 0.8112419992685318ms:: onTimerToUpdateChildWatches:: 0 undefined
[19:13:09.737] sysLog:: onTimerToUpdateChildWatches:: 1
[19:13:09.737] sysLog:: invokingWatchers:: Elapsed:: 0.12110700085759163ms:: 0
[19:13:09.737] DirectoryWatcher:: Triggered with /home/hamza/dev/react/tenzies/src/components/#stopwatch.jsx# 0:: WatchInfo: /home/hamza/dev/react/tenzies/src/components 1 undefined Project: /dev/null/inferredProject1* watcher already invoked: false
[19:13:09.737] Elapsed:: 0.014828000217676163ms DirectoryWatcher:: Triggered with /home/hamza/dev/react/tenzies/src/components/#stopwatch.jsx# 0:: WatchInfo: /home/hamza/dev/react/tenzies/src/components 1 undefined Project: /dev/null/inferredProject1* watcher already invoked: false
[19:13:09.737] sysLog:: Elapsed:: 0.30327900126576424ms:: onTimerToUpdateChildWatches:: 0 undefined
[19:14:15.096] sysLog:: onTimerToUpdateChildWatches:: 1
[19:14:15.096] sysLog:: invokingWatchers:: Elapsed:: 0.34219199791550636ms:: 0
[19:14:15.096] DirectoryWatcher:: Triggered with /home/hamza/dev/react/tenzies/src/components/#stopwatch.jsx# 0:: WatchInfo: /home/hamza/dev/react/tenzies/src/components 1 undefined Project: /dev/null/inferredProject1* watcher already invoked: false
[19:14:15.096] Elapsed:: 0.02006799727678299ms DirectoryWatcher:: Triggered with /home/hamza/dev/react/tenzies/src/components/#stopwatch.jsx# 0:: WatchInfo: /home/hamza/dev/react/tenzies/src/components 1 undefined Project: /dev/null/inferredProject1* watcher already invoked: false
[19:14:15.097] sysLog:: Elapsed:: 0.7981579974293709ms:: onTimerToUpdateChildWatches:: 0 undefined
[19:14:20.929] sysLog:: onTimerToUpdateChildWatches:: 1
[19:14:20.929] sysLog:: invokingWatchers:: Elapsed:: 0.2294200025498867ms:: 0
[19:14:20.929] DirectoryWatcher:: Triggered with /home/hamza/dev/react/tenzies/src/components/#stopwatch.jsx# 0:: WatchInfo: /home/hamza/dev/react/tenzies/src/components 1 undefined Project: /dev/null/inferredProject1* watcher already invoked: false
[19:14:20.929] Elapsed:: 0.033952999860048294ms DirectoryWatcher:: Triggered with /home/hamza/dev/react/tenzies/src/components/#stopwatch.jsx# 0:: WatchInfo: /home/hamza/dev/react/tenzies/src/components 1 undefined Project: /dev/null/inferredProject1* watcher already invoked: false
[19:14:20.930] sysLog:: Elapsed:: 0.4904399998486042ms:: onTimerToUpdateChildWatches:: 0 undefined
[19:14:25.060] Got install request {"projectName":"/dev/null/inferredProject1*","fileNames":["/home/hamza/.emacs.d/var/lsp/server/npm/typescript/lib/node_modules/typescript/lib/lib.es5.d.ts","/home/hamza/.emacs.d/var/lsp/server/npm/typescript/lib/node_modules/typescript/lib/lib.es2015.d.ts","/home/hamza/.emacs.d/var/lsp/server/npm/typescript/lib/node_modules/typescript/lib/lib.es2016.d.ts","/home/hamza/.emacs.d/var/lsp/server/npm/typescript/lib/node_modules/typescript/lib/lib.dom.d.ts","/home/hamza/.emacs.d/var/lsp/server/npm/typescript/lib/node_modules/typescript/lib/lib.dom.iterable.d.ts","/home/hamza/.emacs.d/var/lsp/server/npm/typescript/lib/node_modules/typescript/lib/lib.webworker.importscripts.d.ts","/home/hamza/.emacs.d/var/lsp/server/npm/typescript/lib/node_modules/typescript/lib/lib.scripthost.d.ts","/home/hamza/.emacs.d/var/lsp/server/npm/typescript/lib/node_modules/typescript/lib/lib.es2015.core.d.ts","/home/hamza/.emacs.d/var/lsp/server/npm/typescript/lib/node_modules/typescript/lib/lib.es2015.collection.d.ts","/home/hamza/.emacs.d/var/lsp/server/npm/typescript/lib/node_modules/typescript/lib/lib.es2015.generator.d.ts","/home/hamza/.emacs.d/var/lsp/server/npm/typescript/lib/node_modules/typescript/lib/lib.es2015.iterable.d.ts","/home/hamza/.emacs.d/var/lsp/server/npm/typescript/lib/node_modules/typescript/lib/lib.es2015.promise.d.ts","/home/hamza/.emacs.d/var/lsp/server/npm/typescript/lib/node_modules/typescript/lib/lib.es2015.proxy.d.ts","/home/hamza/.emacs.d/var/lsp/server/npm/typescript/lib/node_modules/typescript/lib/lib.es2015.reflect.d.ts","/home/hamza/.emacs.d/var/lsp/server/npm/typescript/lib/node_modules/typescript/lib/lib.es2015.symbol.d.ts","/home/hamza/.emacs.d/var/lsp/server/npm/typescript/lib/node_modules/typescript/lib/lib.es2015.symbol.wellknown.d.ts","/home/hamza/.emacs.d/var/lsp/server/npm/typescript/lib/node_modules/typescript/lib/lib.es2016.array.include.d.ts","/home/hamza/.emacs.d/var/lsp/server/npm/typescript/lib/node_modules/typescript/lib/lib.es2016.full.d.ts","/home/hamza/dev/react/tenzies/src/components/die.jsx","/home/hamza/dev/react/tenzies/src/components/stopwatch.jsx","/home/hamza/dev/react/tenzies/src/App.js","/home/hamza/.cache/typescript/4.7/node_modules/@types/react/global.d.ts","/home/hamza/.cache/typescript/4.7/node_modules/@types/react/index.d.ts"],"compilerOptions":{"module":1,"target":3,"jsx":1,"allowJs":true,"allowSyntheticDefaultImports":true,"allowNonTsExtensions":true,"noEmitForJsFiles":true,"maxNodeModuleJsDepth":2},"typeAcquisition":{"enable":true,"include":[],"exclude":[]},"unresolvedImports":["Math;"],"projectRootPath":"/home/hamza/dev/react/tenzies/src","kind":"discover"}
[19:14:25.060] Explicitly included types: []
[19:14:25.060] Inferred 'react' typings due to presence of '.jsx' extension
[19:14:25.060] Inferred typings from unresolved imports: ["Math;"]
[19:14:25.060] Result: {"cachedTypingPaths":["/home/hamza/.cache/typescript/4.7/node_modules/@types/react/index.d.ts"],"newTypingNames":["Math;"],"filesToWatch":["/home/hamza/dev/react/tenzies/src/components/bower_components","/home/hamza/dev/react/tenzies/src/components/node_modules","/home/hamza/dev/react/tenzies/src/bower_components","/home/hamza/dev/react/tenzies/src/node_modules"]}
[19:14:25.060] Finished typings discovery: {"cachedTypingPaths":["/home/hamza/.cache/typescript/4.7/node_modules/@types/react/index.d.ts"],"newTypingNames":["Math;"],"filesToWatch":["/home/hamza/dev/react/tenzies/src/components/bower_components","/home/hamza/dev/react/tenzies/src/components/node_modules","/home/hamza/dev/react/tenzies/src/bower_components","/home/hamza/dev/react/tenzies/src/node_modules"]}
[19:14:25.060] Installing typings ["Math;"]
[19:14:25.061] 'Math;':: Package name 'Math;' contains non URI safe characters
[19:14:25.061] All typings are known to be missing or invalid - no need to install more typings
[19:14:25.061] Sending response:
    {"projectName":"/dev/null/inferredProject1*","typeAcquisition":{"enable":true,"include":[],"exclude":[]},"compilerOptions":{"module":1,"target":3,"jsx":1,"allowJs":true,"allowSyntheticDefaultImports":true,"allowNonTsExtensions":true,"noEmitForJsFiles":true,"maxNodeModuleJsDepth":2},"typings":["/home/hamza/.cache/typescript/4.7/node_modules/@types/react/index.d.ts"],"unresolvedImports":["Math;"],"kind":"action::set"}
[19:14:25.061] Response has been sent.
[19:14:25.580] Got install request {"projectName":"/dev/null/inferredProject1*","fileNames":["/home/hamza/.emacs.d/var/lsp/server/npm/typescript/lib/node_modules/typescript/lib/lib.es5.d.ts","/home/hamza/.emacs.d/var/lsp/server/npm/typescript/lib/node_modules/typescript/lib/lib.es2015.d.ts","/home/hamza/.emacs.d/var/lsp/server/npm/typescript/lib/node_modules/typescript/lib/lib.es2016.d.ts","/home/hamza/.emacs.d/var/lsp/server/npm/typescript/lib/node_modules/typescript/lib/lib.dom.d.ts","/home/hamza/.emacs.d/var/lsp/server/npm/typescript/lib/node_modules/typescript/lib/lib.dom.iterable.d.ts","/home/hamza/.emacs.d/var/lsp/server/npm/typescript/lib/node_modules/typescript/lib/lib.webworker.importscripts.d.ts","/home/hamza/.emacs.d/var/lsp/server/npm/typescript/lib/node_modules/typescript/lib/lib.scripthost.d.ts","/home/hamza/.emacs.d/var/lsp/server/npm/typescript/lib/node_modules/typescript/lib/lib.es2015.core.d.ts","/home/hamza/.emacs.d/var/lsp/server/npm/typescript/lib/node_modules/typescript/lib/lib.es2015.collection.d.ts","/home/hamza/.emacs.d/var/lsp/server/npm/typescript/lib/node_modules/typescript/lib/lib.es2015.generator.d.ts","/home/hamza/.emacs.d/var/lsp/server/npm/typescript/lib/node_modules/typescript/lib/lib.es2015.iterable.d.ts","/home/hamza/.emacs.d/var/lsp/server/npm/typescript/lib/node_modules/typescript/lib/lib.es2015.promise.d.ts","/home/hamza/.emacs.d/var/lsp/server/npm/typescript/lib/node_modules/typescript/lib/lib.es2015.proxy.d.ts","/home/hamza/.emacs.d/var/lsp/server/npm/typescript/lib/node_modules/typescript/lib/lib.es2015.reflect.d.ts","/home/hamza/.emacs.d/var/lsp/server/npm/typescript/lib/node_modules/typescript/lib/lib.es2015.symbol.d.ts","/home/hamza/.emacs.d/var/lsp/server/npm/typescript/lib/node_modules/typescript/lib/lib.es2015.symbol.wellknown.d.ts","/home/hamza/.emacs.d/var/lsp/server/npm/typescript/lib/node_modules/typescript/lib/lib.es2016.array.include.d.ts","/home/hamza/.emacs.d/var/lsp/server/npm/typescript/lib/node_modules/typescript/lib/lib.es2016.full.d.ts","/home/hamza/dev/react/tenzies/src/components/die.jsx","/home/hamza/dev/react/tenzies/src/components/stopwatch.jsx","/home/hamza/dev/react/tenzies/src/App.js","/home/hamza/.cache/typescript/4.7/node_modules/@types/react/global.d.ts","/home/hamza/.cache/typescript/4.7/node_modules/@types/react/index.d.ts"],"compilerOptions":{"module":1,"target":3,"jsx":1,"allowJs":true,"allowSyntheticDefaultImports":true,"allowNonTsExtensions":true,"noEmitForJsFiles":true,"maxNodeModuleJsDepth":2},"typeAcquisition":{"enable":true,"include":[],"exclude":[]},"unresolvedImports":["Math"],"projectRootPath":"/home/hamza/dev/react/tenzies/src","kind":"discover"}
[19:14:25.580] Explicitly included types: []
[19:14:25.581] Inferred 'react' typings due to presence of '.jsx' extension
[19:14:25.581] Inferred typings from unresolved imports: ["Math"]
[19:14:25.581] Result: {"cachedTypingPaths":["/home/hamza/.cache/typescript/4.7/node_modules/@types/react/index.d.ts"],"newTypingNames":["Math"],"filesToWatch":["/home/hamza/dev/react/tenzies/src/components/bower_components","/home/hamza/dev/react/tenzies/src/components/node_modules","/home/hamza/dev/react/tenzies/src/bower_components","/home/hamza/dev/react/tenzies/src/node_modules"]}
[19:14:25.581] Finished typings discovery: {"cachedTypingPaths":["/home/hamza/.cache/typescript/4.7/node_modules/@types/react/index.d.ts"],"newTypingNames":["Math"],"filesToWatch":["/home/hamza/dev/react/tenzies/src/components/bower_components","/home/hamza/dev/react/tenzies/src/components/node_modules","/home/hamza/dev/react/tenzies/src/bower_components","/home/hamza/dev/react/tenzies/src/node_modules"]}
[19:14:25.581] Installing typings ["Math"]
[19:14:25.581] 'Math':: Entry for package 'Math' does not exist in local types registry - skipping...
[19:14:25.581] All typings are known to be missing or invalid - no need to install more typings
[19:14:25.581] Sending response:
    {"projectName":"/dev/null/inferredProject1*","typeAcquisition":{"enable":true,"include":[],"exclude":[]},"compilerOptions":{"module":1,"target":3,"jsx":1,"allowJs":true,"allowSyntheticDefaultImports":true,"allowNonTsExtensions":true,"noEmitForJsFiles":true,"maxNodeModuleJsDepth":2},"typings":["/home/hamza/.cache/typescript/4.7/node_modules/@types/react/index.d.ts"],"unresolvedImports":["Math"],"kind":"action::set"}
[19:14:25.581] Response has been sent.
[19:14:26.265] Got install request {"projectName":"/dev/null/inferredProject1*","fileNames":["/home/hamza/.emacs.d/var/lsp/server/npm/typescript/lib/node_modules/typescript/lib/lib.es5.d.ts","/home/hamza/.emacs.d/var/lsp/server/npm/typescript/lib/node_modules/typescript/lib/lib.es2015.d.ts","/home/hamza/.emacs.d/var/lsp/server/npm/typescript/lib/node_modules/typescript/lib/lib.es2016.d.ts","/home/hamza/.emacs.d/var/lsp/server/npm/typescript/lib/node_modules/typescript/lib/lib.dom.d.ts","/home/hamza/.emacs.d/var/lsp/server/npm/typescript/lib/node_modules/typescript/lib/lib.dom.iterable.d.ts","/home/hamza/.emacs.d/var/lsp/server/npm/typescript/lib/node_modules/typescript/lib/lib.webworker.importscripts.d.ts","/home/hamza/.emacs.d/var/lsp/server/npm/typescript/lib/node_modules/typescript/lib/lib.scripthost.d.ts","/home/hamza/.emacs.d/var/lsp/server/npm/typescript/lib/node_modules/typescript/lib/lib.es2015.core.d.ts","/home/hamza/.emacs.d/var/lsp/server/npm/typescript/lib/node_modules/typescript/lib/lib.es2015.collection.d.ts","/home/hamza/.emacs.d/var/lsp/server/npm/typescript/lib/node_modules/typescript/lib/lib.es2015.generator.d.ts","/home/hamza/.emacs.d/var/lsp/server/npm/typescript/lib/node_modules/typescript/lib/lib.es2015.iterable.d.ts","/home/hamza/.emacs.d/var/lsp/server/npm/typescript/lib/node_modules/typescript/lib/lib.es2015.promise.d.ts","/home/hamza/.emacs.d/var/lsp/server/npm/typescript/lib/node_modules/typescript/lib/lib.es2015.proxy.d.ts","/home/hamza/.emacs.d/var/lsp/server/npm/typescript/lib/node_modules/typescript/lib/lib.es2015.reflect.d.ts","/home/hamza/.emacs.d/var/lsp/server/npm/typescript/lib/node_modules/typescript/lib/lib.es2015.symbol.d.ts","/home/hamza/.emacs.d/var/lsp/server/npm/typescript/lib/node_modules/typescript/lib/lib.es2015.symbol.wellknown.d.ts","/home/hamza/.emacs.d/var/lsp/server/npm/typescript/lib/node_modules/typescript/lib/lib.es2016.array.include.d.ts","/home/hamza/.emacs.d/var/lsp/server/npm/typescript/lib/node_modules/typescript/lib/lib.es2016.full.d.ts","/home/hamza/dev/react/tenzies/src/components/die.jsx","/home/hamza/dev/react/tenzies/src/components/stopwatch.jsx","/home/hamza/dev/react/tenzies/src/App.js","/home/hamza/.cache/typescript/4.7/node_modules/@types/react/global.d.ts","/home/hamza/.cache/typescript/4.7/node_modules/@types/react/index.d.ts"],"compilerOptions":{"module":1,"target":3,"jsx":1,"allowJs":true,"allowSyntheticDefaultImports":true,"allowNonTsExtensions":true,"noEmitForJsFiles":true,"maxNodeModuleJsDepth":2},"typeAcquisition":{"enable":true,"include":[],"exclude":[]},"unresolvedImports":["math"],"projectRootPath":"/home/hamza/dev/react/tenzies/src","kind":"discover"}
[19:14:26.266] Explicitly included types: []
[19:14:26.266] Inferred 'react' typings due to presence of '.jsx' extension
[19:14:26.266] Inferred typings from unresolved imports: ["math"]
[19:14:26.266] Result: {"cachedTypingPaths":["/home/hamza/.cache/typescript/4.7/node_modules/@types/react/index.d.ts"],"newTypingNames":["math"],"filesToWatch":["/home/hamza/dev/react/tenzies/src/components/bower_components","/home/hamza/dev/react/tenzies/src/components/node_modules","/home/hamza/dev/react/tenzies/src/bower_components","/home/hamza/dev/react/tenzies/src/node_modules"]}
[19:14:26.266] Finished typings discovery: {"cachedTypingPaths":["/home/hamza/.cache/typescript/4.7/node_modules/@types/react/index.d.ts"],"newTypingNames":["math"],"filesToWatch":["/home/hamza/dev/react/tenzies/src/components/bower_components","/home/hamza/dev/react/tenzies/src/components/node_modules","/home/hamza/dev/react/tenzies/src/bower_components","/home/hamza/dev/react/tenzies/src/node_modules"]}
[19:14:26.267] Installing typings ["math"]
[19:14:26.267] 'math':: Entry for package 'math' does not exist in local types registry - skipping...
[19:14:26.267] All typings are known to be missing or invalid - no need to install more typings
[19:14:26.267] Sending response:
    {"projectName":"/dev/null/inferredProject1*","typeAcquisition":{"enable":true,"include":[],"exclude":[]},"compilerOptions":{"module":1,"target":3,"jsx":1,"allowJs":true,"allowSyntheticDefaultImports":true,"allowNonTsExtensions":true,"noEmitForJsFiles":true,"maxNodeModuleJsDepth":2},"typings":["/home/hamza/.cache/typescript/4.7/node_modules/@types/react/index.d.ts"],"unresolvedImports":["math"],"kind":"action::set"}
[19:14:26.267] Response has been sent.
[19:14:32.456] Got install request {"projectName":"/dev/null/inferredProject1*","fileNames":["/home/hamza/.emacs.d/var/lsp/server/npm/typescript/lib/node_modules/typescript/lib/lib.es5.d.ts","/home/hamza/.emacs.d/var/lsp/server/npm/typescript/lib/node_modules/typescript/lib/lib.es2015.d.ts","/home/hamza/.emacs.d/var/lsp/server/npm/typescript/lib/node_modules/typescript/lib/lib.es2016.d.ts","/home/hamza/.emacs.d/var/lsp/server/npm/typescript/lib/node_modules/typescript/lib/lib.dom.d.ts","/home/hamza/.emacs.d/var/lsp/server/npm/typescript/lib/node_modules/typescript/lib/lib.dom.iterable.d.ts","/home/hamza/.emacs.d/var/lsp/server/npm/typescript/lib/node_modules/typescript/lib/lib.webworker.importscripts.d.ts","/home/hamza/.emacs.d/var/lsp/server/npm/typescript/lib/node_modules/typescript/lib/lib.scripthost.d.ts","/home/hamza/.emacs.d/var/lsp/server/npm/typescript/lib/node_modules/typescript/lib/lib.es2015.core.d.ts","/home/hamza/.emacs.d/var/lsp/server/npm/typescript/lib/node_modules/typescript/lib/lib.es2015.collection.d.ts","/home/hamza/.emacs.d/var/lsp/server/npm/typescript/lib/node_modules/typescript/lib/lib.es2015.generator.d.ts","/home/hamza/.emacs.d/var/lsp/server/npm/typescript/lib/node_modules/typescript/lib/lib.es2015.iterable.d.ts","/home/hamza/.emacs.d/var/lsp/server/npm/typescript/lib/node_modules/typescript/lib/lib.es2015.promise.d.ts","/home/hamza/.emacs.d/var/lsp/server/npm/typescript/lib/node_modules/typescript/lib/lib.es2015.proxy.d.ts","/home/hamza/.emacs.d/var/lsp/server/npm/typescript/lib/node_modules/typescript/lib/lib.es2015.reflect.d.ts","/home/hamza/.emacs.d/var/lsp/server/npm/typescript/lib/node_modules/typescript/lib/lib.es2015.symbol.d.ts","/home/hamza/.emacs.d/var/lsp/server/npm/typescript/lib/node_modules/typescript/lib/lib.es2015.symbol.wellknown.d.ts","/home/hamza/.emacs.d/var/lsp/server/npm/typescript/lib/node_modules/typescript/lib/lib.es2016.array.include.d.ts","/home/hamza/.emacs.d/var/lsp/server/npm/typescript/lib/node_modules/typescript/lib/lib.es2016.full.d.ts","/home/hamza/dev/react/tenzies/src/components/die.jsx","/home/hamza/dev/react/tenzies/src/components/stopwatch.jsx","/home/hamza/dev/react/tenzies/src/App.js","/home/hamza/.cache/typescript/4.7/node_modules/@types/react/global.d.ts","/home/hamza/.cache/typescript/4.7/node_modules/@types/react/index.d.ts"],"compilerOptions":{"module":1,"target":3,"jsx":1,"allowJs":true,"allowSyntheticDefaultImports":true,"allowNonTsExtensions":true,"noEmitForJsFiles":true,"maxNodeModuleJsDepth":2},"typeAcquisition":{"enable":true,"include":[],"exclude":[]},"unresolvedImports":["Math"],"projectRootPath":"/home/hamza/dev/react/tenzies/src","kind":"discover"}
[19:14:32.456] Explicitly included types: []
[19:14:32.457] Inferred 'react' typings due to presence of '.jsx' extension
[19:14:32.457] Inferred typings from unresolved imports: ["Math"]
[19:14:32.457] Result: {"cachedTypingPaths":["/home/hamza/.cache/typescript/4.7/node_modules/@types/react/index.d.ts"],"newTypingNames":["Math"],"filesToWatch":["/home/hamza/dev/react/tenzies/src/components/bower_components","/home/hamza/dev/react/tenzies/src/components/node_modules","/home/hamza/dev/react/tenzies/src/bower_components","/home/hamza/dev/react/tenzies/src/node_modules"]}
[19:14:32.457] Finished typings discovery: {"cachedTypingPaths":["/home/hamza/.cache/typescript/4.7/node_modules/@types/react/index.d.ts"],"newTypingNames":["Math"],"filesToWatch":["/home/hamza/dev/react/tenzies/src/components/bower_components","/home/hamza/dev/react/tenzies/src/components/node_modules","/home/hamza/dev/react/tenzies/src/bower_components","/home/hamza/dev/react/tenzies/src/node_modules"]}
[19:14:32.457] Installing typings ["Math"]
[19:14:32.457] 'Math':: Entry for package 'Math' does not exist in local types registry - skipping...
[19:14:32.457] All typings are known to be missing or invalid - no need to install more typings
[19:14:32.457] Sending response:
    {"projectName":"/dev/null/inferredProject1*","typeAcquisition":{"enable":true,"include":[],"exclude":[]},"compilerOptions":{"module":1,"target":3,"jsx":1,"allowJs":true,"allowSyntheticDefaultImports":true,"allowNonTsExtensions":true,"noEmitForJsFiles":true,"maxNodeModuleJsDepth":2},"typings":["/home/hamza/.cache/typescript/4.7/node_modules/@types/react/index.d.ts"],"unresolvedImports":["Math"],"kind":"action::set"}
[19:14:32.457] Response has been sent.
[19:14:59.814] Got install request {"projectName":"/dev/null/inferredProject1*","fileNames":["/home/hamza/.emacs.d/var/lsp/server/npm/typescript/lib/node_modules/typescript/lib/lib.es5.d.ts","/home/hamza/.emacs.d/var/lsp/server/npm/typescript/lib/node_modules/typescript/lib/lib.es2015.d.ts","/home/hamza/.emacs.d/var/lsp/server/npm/typescript/lib/node_modules/typescript/lib/lib.es2016.d.ts","/home/hamza/.emacs.d/var/lsp/server/npm/typescript/lib/node_modules/typescript/lib/lib.dom.d.ts","/home/hamza/.emacs.d/var/lsp/server/npm/typescript/lib/node_modules/typescript/lib/lib.dom.iterable.d.ts","/home/hamza/.emacs.d/var/lsp/server/npm/typescript/lib/node_modules/typescript/lib/lib.webworker.importscripts.d.ts","/home/hamza/.emacs.d/var/lsp/server/npm/typescript/lib/node_modules/typescript/lib/lib.scripthost.d.ts","/home/hamza/.emacs.d/var/lsp/server/npm/typescript/lib/node_modules/typescript/lib/lib.es2015.core.d.ts","/home/hamza/.emacs.d/var/lsp/server/npm/typescript/lib/node_modules/typescript/lib/lib.es2015.collection.d.ts","/home/hamza/.emacs.d/var/lsp/server/npm/typescript/lib/node_modules/typescript/lib/lib.es2015.generator.d.ts","/home/hamza/.emacs.d/var/lsp/server/npm/typescript/lib/node_modules/typescript/lib/lib.es2015.iterable.d.ts","/home/hamza/.emacs.d/var/lsp/server/npm/typescript/lib/node_modules/typescript/lib/lib.es2015.promise.d.ts","/home/hamza/.emacs.d/var/lsp/server/npm/typescript/lib/node_modules/typescript/lib/lib.es2015.proxy.d.ts","/home/hamza/.emacs.d/var/lsp/server/npm/typescript/lib/node_modules/typescript/lib/lib.es2015.reflect.d.ts","/home/hamza/.emacs.d/var/lsp/server/npm/typescript/lib/node_modules/typescript/lib/lib.es2015.symbol.d.ts","/home/hamza/.emacs.d/var/lsp/server/npm/typescript/lib/node_modules/typescript/lib/lib.es2015.symbol.wellknown.d.ts","/home/hamza/.emacs.d/var/lsp/server/npm/typescript/lib/node_modules/typescript/lib/lib.es2016.array.include.d.ts","/home/hamza/.emacs.d/var/lsp/server/npm/typescript/lib/node_modules/typescript/lib/lib.es2016.full.d.ts","/home/hamza/dev/react/tenzies/src/components/die.jsx","/home/hamza/dev/react/tenzies/src/components/stopwatch.jsx","/home/hamza/dev/react/tenzies/src/App.js","/home/hamza/.cache/typescript/4.7/node_modules/@types/react/global.d.ts","/home/hamza/.cache/typescript/4.7/node_modules/@types/react/index.d.ts"],"compilerOptions":{"module":1,"target":3,"jsx":1,"allowJs":true,"allowSyntheticDefaultImports":true,"allowNonTsExtensions":true,"noEmitForJsFiles":true,"maxNodeModuleJsDepth":2},"typeAcquisition":{"enable":true,"include":[],"exclude":[]},"unresolvedImports":["Mathj"],"projectRootPath":"/home/hamza/dev/react/tenzies/src","kind":"discover"}
[19:14:59.814] Explicitly included types: []
[19:14:59.814] Inferred 'react' typings due to presence of '.jsx' extension
[19:14:59.814] Inferred typings from unresolved imports: ["Mathj"]
[19:14:59.814] Result: {"cachedTypingPaths":["/home/hamza/.cache/typescript/4.7/node_modules/@types/react/index.d.ts"],"newTypingNames":["Mathj"],"filesToWatch":["/home/hamza/dev/react/tenzies/src/components/bower_components","/home/hamza/dev/react/tenzies/src/components/node_modules","/home/hamza/dev/react/tenzies/src/bower_components","/home/hamza/dev/react/tenzies/src/node_modules"]}
[19:14:59.815] Finished typings discovery: {"cachedTypingPaths":["/home/hamza/.cache/typescript/4.7/node_modules/@types/react/index.d.ts"],"newTypingNames":["Mathj"],"filesToWatch":["/home/hamza/dev/react/tenzies/src/components/bower_components","/home/hamza/dev/react/tenzies/src/components/node_modules","/home/hamza/dev/react/tenzies/src/bower_components","/home/hamza/dev/react/tenzies/src/node_modules"]}
[19:14:59.815] Installing typings ["Mathj"]
[19:14:59.815] 'Mathj':: Entry for package 'Mathj' does not exist in local types registry - skipping...
[19:14:59.815] All typings are known to be missing or invalid - no need to install more typings
[19:14:59.815] Sending response:
    {"projectName":"/dev/null/inferredProject1*","typeAcquisition":{"enable":true,"include":[],"exclude":[]},"compilerOptions":{"module":1,"target":3,"jsx":1,"allowJs":true,"allowSyntheticDefaultImports":true,"allowNonTsExtensions":true,"noEmitForJsFiles":true,"maxNodeModuleJsDepth":2},"typings":["/home/hamza/.cache/typescript/4.7/node_modules/@types/react/index.d.ts"],"unresolvedImports":["Mathj"],"kind":"action::set"}
[19:14:59.815] Response has been sent.
[19:14:59.855] Got install request {"projectName":"/dev/null/inferredProject1*","fileNames":["/home/hamza/.emacs.d/var/lsp/server/npm/typescript/lib/node_modules/typescript/lib/lib.es5.d.ts","/home/hamza/.emacs.d/var/lsp/server/npm/typescript/lib/node_modules/typescript/lib/lib.es2015.d.ts","/home/hamza/.emacs.d/var/lsp/server/npm/typescript/lib/node_modules/typescript/lib/lib.es2016.d.ts","/home/hamza/.emacs.d/var/lsp/server/npm/typescript/lib/node_modules/typescript/lib/lib.dom.d.ts","/home/hamza/.emacs.d/var/lsp/server/npm/typescript/lib/node_modules/typescript/lib/lib.dom.iterable.d.ts","/home/hamza/.emacs.d/var/lsp/server/npm/typescript/lib/node_modules/typescript/lib/lib.webworker.importscripts.d.ts","/home/hamza/.emacs.d/var/lsp/server/npm/typescript/lib/node_modules/typescript/lib/lib.scripthost.d.ts","/home/hamza/.emacs.d/var/lsp/server/npm/typescript/lib/node_modules/typescript/lib/lib.es2015.core.d.ts","/home/hamza/.emacs.d/var/lsp/server/npm/typescript/lib/node_modules/typescript/lib/lib.es2015.collection.d.ts","/home/hamza/.emacs.d/var/lsp/server/npm/typescript/lib/node_modules/typescript/lib/lib.es2015.generator.d.ts","/home/hamza/.emacs.d/var/lsp/server/npm/typescript/lib/node_modules/typescript/lib/lib.es2015.iterable.d.ts","/home/hamza/.emacs.d/var/lsp/server/npm/typescript/lib/node_modules/typescript/lib/lib.es2015.promise.d.ts","/home/hamza/.emacs.d/var/lsp/server/npm/typescript/lib/node_modules/typescript/lib/lib.es2015.proxy.d.ts","/home/hamza/.emacs.d/var/lsp/server/npm/typescript/lib/node_modules/typescript/lib/lib.es2015.reflect.d.ts","/home/hamza/.emacs.d/var/lsp/server/npm/typescript/lib/node_modules/typescript/lib/lib.es2015.symbol.d.ts","/home/hamza/.emacs.d/var/lsp/server/npm/typescript/lib/node_modules/typescript/lib/lib.es2015.symbol.wellknown.d.ts","/home/hamza/.emacs.d/var/lsp/server/npm/typescript/lib/node_modules/typescript/lib/lib.es2016.array.include.d.ts","/home/hamza/.emacs.d/var/lsp/server/npm/typescript/lib/node_modules/typescript/lib/lib.es2016.full.d.ts","/home/hamza/dev/react/tenzies/src/components/die.jsx","/home/hamza/dev/react/tenzies/src/components/stopwatch.jsx","/home/hamza/dev/react/tenzies/src/App.js","/home/hamza/.cache/typescript/4.7/node_modules/@types/react/global.d.ts","/home/hamza/.cache/typescript/4.7/node_modules/@types/react/index.d.ts"],"compilerOptions":{"module":1,"target":3,"jsx":1,"allowJs":true,"allowSyntheticDefaultImports":true,"allowNonTsExtensions":true,"noEmitForJsFiles":true,"maxNodeModuleJsDepth":2},"typeAcquisition":{"enable":true,"include":[],"exclude":[]},"unresolvedImports":["Mathjs"],"projectRootPath":"/home/hamza/dev/react/tenzies/src","kind":"discover"}
[19:14:59.855] Explicitly included types: []
[19:14:59.856] Inferred 'react' typings due to presence of '.jsx' extension
[19:14:59.856] Inferred typings from unresolved imports: ["Mathjs"]
[19:14:59.856] Result: {"cachedTypingPaths":["/home/hamza/.cache/typescript/4.7/node_modules/@types/react/index.d.ts"],"newTypingNames":["Mathjs"],"filesToWatch":["/home/hamza/dev/react/tenzies/src/components/bower_components","/home/hamza/dev/react/tenzies/src/components/node_modules","/home/hamza/dev/react/tenzies/src/bower_components","/home/hamza/dev/react/tenzies/src/node_modules"]}
[19:14:59.856] Finished typings discovery: {"cachedTypingPaths":["/home/hamza/.cache/typescript/4.7/node_modules/@types/react/index.d.ts"],"newTypingNames":["Mathjs"],"filesToWatch":["/home/hamza/dev/react/tenzies/src/components/bower_components","/home/hamza/dev/react/tenzies/src/components/node_modules","/home/hamza/dev/react/tenzies/src/bower_components","/home/hamza/dev/react/tenzies/src/node_modules"]}
[19:14:59.856] Installing typings ["Mathjs"]
[19:14:59.856] 'Mathjs':: Entry for package 'Mathjs' does not exist in local types registry - skipping...
[19:14:59.856] All typings are known to be missing or invalid - no need to install more typings
[19:14:59.856] Sending response:
    {"projectName":"/dev/null/inferredProject1*","typeAcquisition":{"enable":true,"include":[],"exclude":[]},"compilerOptions":{"module":1,"target":3,"jsx":1,"allowJs":true,"allowSyntheticDefaultImports":true,"allowNonTsExtensions":true,"noEmitForJsFiles":true,"maxNodeModuleJsDepth":2},"typings":["/home/hamza/.cache/typescript/4.7/node_modules/@types/react/index.d.ts"],"unresolvedImports":["Mathjs"],"kind":"action::set"}
[19:14:59.857] Response has been sent.
[19:15:00.615] Got install request {"projectName":"/dev/null/inferredProject1*","fileNames":["/home/hamza/.emacs.d/var/lsp/server/npm/typescript/lib/node_modules/typescript/lib/lib.es5.d.ts","/home/hamza/.emacs.d/var/lsp/server/npm/typescript/lib/node_modules/typescript/lib/lib.es2015.d.ts","/home/hamza/.emacs.d/var/lsp/server/npm/typescript/lib/node_modules/typescript/lib/lib.es2016.d.ts","/home/hamza/.emacs.d/var/lsp/server/npm/typescript/lib/node_modules/typescript/lib/lib.dom.d.ts","/home/hamza/.emacs.d/var/lsp/server/npm/typescript/lib/node_modules/typescript/lib/lib.dom.iterable.d.ts","/home/hamza/.emacs.d/var/lsp/server/npm/typescript/lib/node_modules/typescript/lib/lib.webworker.importscripts.d.ts","/home/hamza/.emacs.d/var/lsp/server/npm/typescript/lib/node_modules/typescript/lib/lib.scripthost.d.ts","/home/hamza/.emacs.d/var/lsp/server/npm/typescript/lib/node_modules/typescript/lib/lib.es2015.core.d.ts","/home/hamza/.emacs.d/var/lsp/server/npm/typescript/lib/node_modules/typescript/lib/lib.es2015.collection.d.ts","/home/hamza/.emacs.d/var/lsp/server/npm/typescript/lib/node_modules/typescript/lib/lib.es2015.generator.d.ts","/home/hamza/.emacs.d/var/lsp/server/npm/typescript/lib/node_modules/typescript/lib/lib.es2015.iterable.d.ts","/home/hamza/.emacs.d/var/lsp/server/npm/typescript/lib/node_modules/typescript/lib/lib.es2015.promise.d.ts","/home/hamza/.emacs.d/var/lsp/server/npm/typescript/lib/node_modules/typescript/lib/lib.es2015.proxy.d.ts","/home/hamza/.emacs.d/var/lsp/server/npm/typescript/lib/node_modules/typescript/lib/lib.es2015.reflect.d.ts","/home/hamza/.emacs.d/var/lsp/server/npm/typescript/lib/node_modules/typescript/lib/lib.es2015.symbol.d.ts","/home/hamza/.emacs.d/var/lsp/server/npm/typescript/lib/node_modules/typescript/lib/lib.es2015.symbol.wellknown.d.ts","/home/hamza/.emacs.d/var/lsp/server/npm/typescript/lib/node_modules/typescript/lib/lib.es2016.array.include.d.ts","/home/hamza/.emacs.d/var/lsp/server/npm/typescript/lib/node_modules/typescript/lib/lib.es2016.full.d.ts","/home/hamza/dev/react/tenzies/src/components/die.jsx","/home/hamza/dev/react/tenzies/src/components/stopwatch.jsx","/home/hamza/dev/react/tenzies/src/App.js","/home/hamza/.cache/typescript/4.7/node_modules/@types/react/global.d.ts","/home/hamza/.cache/typescript/4.7/node_modules/@types/react/index.d.ts"],"compilerOptions":{"module":1,"target":3,"jsx":1,"allowJs":true,"allowSyntheticDefaultImports":true,"allowNonTsExtensions":true,"noEmitForJsFiles":true,"maxNodeModuleJsDepth":2},"typeAcquisition":{"enable":true,"include":[],"exclude":[]},"unresolvedImports":["mathjs"],"projectRootPath":"/home/hamza/dev/react/tenzies/src","kind":"discover"}
[19:15:00.615] Explicitly included types: []
[19:15:00.616] Inferred 'react' typings due to presence of '.jsx' extension
[19:15:00.616] Inferred typings from unresolved imports: ["mathjs"]
[19:15:00.616] Result: {"cachedTypingPaths":["/home/hamza/.cache/typescript/4.7/node_modules/@types/react/index.d.ts"],"newTypingNames":["mathjs"],"filesToWatch":["/home/hamza/dev/react/tenzies/src/components/bower_components","/home/hamza/dev/react/tenzies/src/components/node_modules","/home/hamza/dev/react/tenzies/src/bower_components","/home/hamza/dev/react/tenzies/src/node_modules"]}
[19:15:00.616] Finished typings discovery: {"cachedTypingPaths":["/home/hamza/.cache/typescript/4.7/node_modules/@types/react/index.d.ts"],"newTypingNames":["mathjs"],"filesToWatch":["/home/hamza/dev/react/tenzies/src/components/bower_components","/home/hamza/dev/react/tenzies/src/components/node_modules","/home/hamza/dev/react/tenzies/src/bower_components","/home/hamza/dev/react/tenzies/src/node_modules"]}
[19:15:00.616] Installing typings ["mathjs"]
[19:15:00.616] 'mathjs':: Entry for package 'mathjs' does not exist in local types registry - skipping...
[19:15:00.616] All typings are known to be missing or invalid - no need to install more typings
[19:15:00.616] Sending response:
    {"projectName":"/dev/null/inferredProject1*","typeAcquisition":{"enable":true,"include":[],"exclude":[]},"compilerOptions":{"module":1,"target":3,"jsx":1,"allowJs":true,"allowSyntheticDefaultImports":true,"allowNonTsExtensions":true,"noEmitForJsFiles":true,"maxNodeModuleJsDepth":2},"typings":["/home/hamza/.cache/typescript/4.7/node_modules/@types/react/index.d.ts"],"unresolvedImports":["mathjs"],"kind":"action::set"}
[19:15:00.616] Response has been sent.
[19:15:52.532] sysLog:: onTimerToUpdateChildWatches:: 1
[19:15:52.533] sysLog:: invokingWatchers:: Elapsed:: 0.36750999838113785ms:: 0
[19:15:52.533] DirectoryWatcher:: Triggered with /home/hamza/dev/react/tenzies/src/components/#stopwatch.jsx# 0:: WatchInfo: /home/hamza/dev/react/tenzies/src/components 1 undefined Project: /dev/null/inferredProject1* watcher already invoked: false
[19:15:52.533] Elapsed:: 0.02076900005340576ms DirectoryWatcher:: Triggered with /home/hamza/dev/react/tenzies/src/components/#stopwatch.jsx# 0:: WatchInfo: /home/hamza/dev/react/tenzies/src/components 1 undefined Project: /dev/null/inferredProject1* watcher already invoked: false
[19:15:52.533] sysLog:: Elapsed:: 0.6596679985523224ms:: onTimerToUpdateChildWatches:: 0 undefined
[19:16:12.921] sysLog:: onTimerToUpdateChildWatches:: 1
[19:16:12.922] sysLog:: invokingWatchers:: Elapsed:: 0.21661600098013878ms:: 0
[19:16:12.922] DirectoryWatcher:: Triggered with /home/hamza/dev/react/tenzies/src/components/#stopwatch.jsx# 0:: WatchInfo: /home/hamza/dev/react/tenzies/src/components 1 undefined Project: /dev/null/inferredProject1* watcher already invoked: false
[19:16:12.922] Elapsed:: 0.029235001653432846ms DirectoryWatcher:: Triggered with /home/hamza/dev/react/tenzies/src/components/#stopwatch.jsx# 0:: WatchInfo: /home/hamza/dev/react/tenzies/src/components 1 undefined Project: /dev/null/inferredProject1* watcher already invoked: false
[19:16:12.922] sysLog:: Elapsed:: 0.5311359986662865ms:: onTimerToUpdateChildWatches:: 0 undefined
[19:16:17.257] Got install request {"projectName":"/dev/null/inferredProject1*","fileNames":["/home/hamza/.emacs.d/var/lsp/server/npm/typescript/lib/node_modules/typescript/lib/lib.es5.d.ts","/home/hamza/.emacs.d/var/lsp/server/npm/typescript/lib/node_modules/typescript/lib/lib.es2015.d.ts","/home/hamza/.emacs.d/var/lsp/server/npm/typescript/lib/node_modules/typescript/lib/lib.es2016.d.ts","/home/hamza/.emacs.d/var/lsp/server/npm/typescript/lib/node_modules/typescript/lib/lib.dom.d.ts","/home/hamza/.emacs.d/var/lsp/server/npm/typescript/lib/node_modules/typescript/lib/lib.dom.iterable.d.ts","/home/hamza/.emacs.d/var/lsp/server/npm/typescript/lib/node_modules/typescript/lib/lib.webworker.importscripts.d.ts","/home/hamza/.emacs.d/var/lsp/server/npm/typescript/lib/node_modules/typescript/lib/lib.scripthost.d.ts","/home/hamza/.emacs.d/var/lsp/server/npm/typescript/lib/node_modules/typescript/lib/lib.es2015.core.d.ts","/home/hamza/.emacs.d/var/lsp/server/npm/typescript/lib/node_modules/typescript/lib/lib.es2015.collection.d.ts","/home/hamza/.emacs.d/var/lsp/server/npm/typescript/lib/node_modules/typescript/lib/lib.es2015.generator.d.ts","/home/hamza/.emacs.d/var/lsp/server/npm/typescript/lib/node_modules/typescript/lib/lib.es2015.iterable.d.ts","/home/hamza/.emacs.d/var/lsp/server/npm/typescript/lib/node_modules/typescript/lib/lib.es2015.promise.d.ts","/home/hamza/.emacs.d/var/lsp/server/npm/typescript/lib/node_modules/typescript/lib/lib.es2015.proxy.d.ts","/home/hamza/.emacs.d/var/lsp/server/npm/typescript/lib/node_modules/typescript/lib/lib.es2015.reflect.d.ts","/home/hamza/.emacs.d/var/lsp/server/npm/typescript/lib/node_modules/typescript/lib/lib.es2015.symbol.d.ts","/home/hamza/.emacs.d/var/lsp/server/npm/typescript/lib/node_modules/typescript/lib/lib.es2015.symbol.wellknown.d.ts","/home/hamza/.emacs.d/var/lsp/server/npm/typescript/lib/node_modules/typescript/lib/lib.es2016.array.include.d.ts","/home/hamza/.emacs.d/var/lsp/server/npm/typescript/lib/node_modules/typescript/lib/lib.es2016.full.d.ts","/home/hamza/dev/react/tenzies/src/components/die.jsx","/home/hamza/dev/react/tenzies/src/components/stopwatch.jsx","/home/hamza/dev/react/tenzies/src/App.js","/home/hamza/.cache/typescript/4.7/node_modules/@types/react/global.d.ts","/home/hamza/.cache/typescript/4.7/node_modules/@types/react/index.d.ts"],"compilerOptions":{"module":1,"target":3,"jsx":1,"allowJs":true,"allowSyntheticDefaultImports":true,"allowNonTsExtensions":true,"noEmitForJsFiles":true,"maxNodeModuleJsDepth":2},"typeAcquisition":{"enable":true,"include":[],"exclude":[]},"unresolvedImports":["Math;"],"projectRootPath":"/home/hamza/dev/react/tenzies/src","kind":"discover"}
[19:16:17.257] Explicitly included types: []
[19:16:17.257] Inferred 'react' typings due to presence of '.jsx' extension
[19:16:17.257] Inferred typings from unresolved imports: ["Math;"]
[19:16:17.257] Result: {"cachedTypingPaths":["/home/hamza/.cache/typescript/4.7/node_modules/@types/react/index.d.ts"],"newTypingNames":["Math;"],"filesToWatch":["/home/hamza/dev/react/tenzies/src/components/bower_components","/home/hamza/dev/react/tenzies/src/components/node_modules","/home/hamza/dev/react/tenzies/src/bower_components","/home/hamza/dev/react/tenzies/src/node_modules"]}
[19:16:17.258] Finished typings discovery: {"cachedTypingPaths":["/home/hamza/.cache/typescript/4.7/node_modules/@types/react/index.d.ts"],"newTypingNames":["Math;"],"filesToWatch":["/home/hamza/dev/react/tenzies/src/components/bower_components","/home/hamza/dev/react/tenzies/src/components/node_modules","/home/hamza/dev/react/tenzies/src/bower_components","/home/hamza/dev/react/tenzies/src/node_modules"]}
[19:16:17.258] Installing typings ["Math;"]
[19:16:17.258] 'Math;':: 'Math;' is in missingTypingsSet - skipping...
[19:16:17.258] All typings are known to be missing or invalid - no need to install more typings
[19:16:17.258] Sending response:
    {"projectName":"/dev/null/inferredProject1*","typeAcquisition":{"enable":true,"include":[],"exclude":[]},"compilerOptions":{"module":1,"target":3,"jsx":1,"allowJs":true,"allowSyntheticDefaultImports":true,"allowNonTsExtensions":true,"noEmitForJsFiles":true,"maxNodeModuleJsDepth":2},"typings":["/home/hamza/.cache/typescript/4.7/node_modules/@types/react/index.d.ts"],"unresolvedImports":["Math;"],"kind":"action::set"}
[19:16:17.258] Response has been sent.
[19:16:17.649] Got install request {"projectName":"/dev/null/inferredProject1*","fileNames":["/home/hamza/.emacs.d/var/lsp/server/npm/typescript/lib/node_modules/typescript/lib/lib.es5.d.ts","/home/hamza/.emacs.d/var/lsp/server/npm/typescript/lib/node_modules/typescript/lib/lib.es2015.d.ts","/home/hamza/.emacs.d/var/lsp/server/npm/typescript/lib/node_modules/typescript/lib/lib.es2016.d.ts","/home/hamza/.emacs.d/var/lsp/server/npm/typescript/lib/node_modules/typescript/lib/lib.dom.d.ts","/home/hamza/.emacs.d/var/lsp/server/npm/typescript/lib/node_modules/typescript/lib/lib.dom.iterable.d.ts","/home/hamza/.emacs.d/var/lsp/server/npm/typescript/lib/node_modules/typescript/lib/lib.webworker.importscripts.d.ts","/home/hamza/.emacs.d/var/lsp/server/npm/typescript/lib/node_modules/typescript/lib/lib.scripthost.d.ts","/home/hamza/.emacs.d/var/lsp/server/npm/typescript/lib/node_modules/typescript/lib/lib.es2015.core.d.ts","/home/hamza/.emacs.d/var/lsp/server/npm/typescript/lib/node_modules/typescript/lib/lib.es2015.collection.d.ts","/home/hamza/.emacs.d/var/lsp/server/npm/typescript/lib/node_modules/typescript/lib/lib.es2015.generator.d.ts","/home/hamza/.emacs.d/var/lsp/server/npm/typescript/lib/node_modules/typescript/lib/lib.es2015.iterable.d.ts","/home/hamza/.emacs.d/var/lsp/server/npm/typescript/lib/node_modules/typescript/lib/lib.es2015.promise.d.ts","/home/hamza/.emacs.d/var/lsp/server/npm/typescript/lib/node_modules/typescript/lib/lib.es2015.proxy.d.ts","/home/hamza/.emacs.d/var/lsp/server/npm/typescript/lib/node_modules/typescript/lib/lib.es2015.reflect.d.ts","/home/hamza/.emacs.d/var/lsp/server/npm/typescript/lib/node_modules/typescript/lib/lib.es2015.symbol.d.ts","/home/hamza/.emacs.d/var/lsp/server/npm/typescript/lib/node_modules/typescript/lib/lib.es2015.symbol.wellknown.d.ts","/home/hamza/.emacs.d/var/lsp/server/npm/typescript/lib/node_modules/typescript/lib/lib.es2016.array.include.d.ts","/home/hamza/.emacs.d/var/lsp/server/npm/typescript/lib/node_modules/typescript/lib/lib.es2016.full.d.ts","/home/hamza/dev/react/tenzies/src/components/die.jsx","/home/hamza/dev/react/tenzies/src/components/stopwatch.jsx","/home/hamza/dev/react/tenzies/src/App.js","/home/hamza/.cache/typescript/4.7/node_modules/@types/react/global.d.ts","/home/hamza/.cache/typescript/4.7/node_modules/@types/react/index.d.ts"],"compilerOptions":{"module":1,"target":3,"jsx":1,"allowJs":true,"allowSyntheticDefaultImports":true,"allowNonTsExtensions":true,"noEmitForJsFiles":true,"maxNodeModuleJsDepth":2},"typeAcquisition":{"enable":true,"include":[],"exclude":[]},"unresolvedImports":["Math"],"projectRootPath":"/home/hamza/dev/react/tenzies/src","kind":"discover"}
[19:16:17.649] Explicitly included types: []
[19:16:17.650] Inferred 'react' typings due to presence of '.jsx' extension
[19:16:17.650] Inferred typings from unresolved imports: ["Math"]
[19:16:17.650] Result: {"cachedTypingPaths":["/home/hamza/.cache/typescript/4.7/node_modules/@types/react/index.d.ts"],"newTypingNames":["Math"],"filesToWatch":["/home/hamza/dev/react/tenzies/src/components/bower_components","/home/hamza/dev/react/tenzies/src/components/node_modules","/home/hamza/dev/react/tenzies/src/bower_components","/home/hamza/dev/react/tenzies/src/node_modules"]}
[19:16:17.650] Finished typings discovery: {"cachedTypingPaths":["/home/hamza/.cache/typescript/4.7/node_modules/@types/react/index.d.ts"],"newTypingNames":["Math"],"filesToWatch":["/home/hamza/dev/react/tenzies/src/components/bower_components","/home/hamza/dev/react/tenzies/src/components/node_modules","/home/hamza/dev/react/tenzies/src/bower_components","/home/hamza/dev/react/tenzies/src/node_modules"]}
[19:16:17.650] Installing typings ["Math"]
[19:16:17.650] 'Math':: Entry for package 'Math' does not exist in local types registry - skipping...
[19:16:17.650] All typings are known to be missing or invalid - no need to install more typings
[19:16:17.650] Sending response:
    {"projectName":"/dev/null/inferredProject1*","typeAcquisition":{"enable":true,"include":[],"exclude":[]},"compilerOptions":{"module":1,"target":3,"jsx":1,"allowJs":true,"allowSyntheticDefaultImports":true,"allowNonTsExtensions":true,"noEmitForJsFiles":true,"maxNodeModuleJsDepth":2},"typings":["/home/hamza/.cache/typescript/4.7/node_modules/@types/react/index.d.ts"],"unresolvedImports":["Math"],"kind":"action::set"}
[19:16:17.650] Response has been sent.
[19:16:33.055] Got install request {"projectName":"/dev/null/inferredProject1*","fileNames":["/home/hamza/.emacs.d/var/lsp/server/npm/typescript/lib/node_modules/typescript/lib/lib.es5.d.ts","/home/hamza/.emacs.d/var/lsp/server/npm/typescript/lib/node_modules/typescript/lib/lib.es2015.d.ts","/home/hamza/.emacs.d/var/lsp/server/npm/typescript/lib/node_modules/typescript/lib/lib.es2016.d.ts","/home/hamza/.emacs.d/var/lsp/server/npm/typescript/lib/node_modules/typescript/lib/lib.dom.d.ts","/home/hamza/.emacs.d/var/lsp/server/npm/typescript/lib/node_modules/typescript/lib/lib.dom.iterable.d.ts","/home/hamza/.emacs.d/var/lsp/server/npm/typescript/lib/node_modules/typescript/lib/lib.webworker.importscripts.d.ts","/home/hamza/.emacs.d/var/lsp/server/npm/typescript/lib/node_modules/typescript/lib/lib.scripthost.d.ts","/home/hamza/.emacs.d/var/lsp/server/npm/typescript/lib/node_modules/typescript/lib/lib.es2015.core.d.ts","/home/hamza/.emacs.d/var/lsp/server/npm/typescript/lib/node_modules/typescript/lib/lib.es2015.collection.d.ts","/home/hamza/.emacs.d/var/lsp/server/npm/typescript/lib/node_modules/typescript/lib/lib.es2015.generator.d.ts","/home/hamza/.emacs.d/var/lsp/server/npm/typescript/lib/node_modules/typescript/lib/lib.es2015.iterable.d.ts","/home/hamza/.emacs.d/var/lsp/server/npm/typescript/lib/node_modules/typescript/lib/lib.es2015.promise.d.ts","/home/hamza/.emacs.d/var/lsp/server/npm/typescript/lib/node_modules/typescript/lib/lib.es2015.proxy.d.ts","/home/hamza/.emacs.d/var/lsp/server/npm/typescript/lib/node_modules/typescript/lib/lib.es2015.reflect.d.ts","/home/hamza/.emacs.d/var/lsp/server/npm/typescript/lib/node_modules/typescript/lib/lib.es2015.symbol.d.ts","/home/hamza/.emacs.d/var/lsp/server/npm/typescript/lib/node_modules/typescript/lib/lib.es2015.symbol.wellknown.d.ts","/home/hamza/.emacs.d/var/lsp/server/npm/typescript/lib/node_modules/typescript/lib/lib.es2016.array.include.d.ts","/home/hamza/.emacs.d/var/lsp/server/npm/typescript/lib/node_modules/typescript/lib/lib.es2016.full.d.ts","/home/hamza/dev/react/tenzies/src/components/die.jsx","/home/hamza/dev/react/tenzies/src/components/stopwatch.jsx","/home/hamza/dev/react/tenzies/src/App.js","/home/hamza/.cache/typescript/4.7/node_modules/@types/react/global.d.ts","/home/hamza/.cache/typescript/4.7/node_modules/@types/react/index.d.ts"],"compilerOptions":{"module":1,"target":3,"jsx":1,"allowJs":true,"allowSyntheticDefaultImports":true,"allowNonTsExtensions":true,"noEmitForJsFiles":true,"maxNodeModuleJsDepth":2},"typeAcquisition":{"enable":true,"include":[],"exclude":[]},"unresolvedImports":["Math;"],"projectRootPath":"/home/hamza/dev/react/tenzies/src","kind":"discover"}
[19:16:33.055] Explicitly included types: []
[19:16:33.055] Inferred 'react' typings due to presence of '.jsx' extension
[19:16:33.055] Inferred typings from unresolved imports: ["Math;"]
[19:16:33.055] Result: {"cachedTypingPaths":["/home/hamza/.cache/typescript/4.7/node_modules/@types/react/index.d.ts"],"newTypingNames":["Math;"],"filesToWatch":["/home/hamza/dev/react/tenzies/src/components/bower_components","/home/hamza/dev/react/tenzies/src/components/node_modules","/home/hamza/dev/react/tenzies/src/bower_components","/home/hamza/dev/react/tenzies/src/node_modules"]}
[19:16:33.055] Finished typings discovery: {"cachedTypingPaths":["/home/hamza/.cache/typescript/4.7/node_modules/@types/react/index.d.ts"],"newTypingNames":["Math;"],"filesToWatch":["/home/hamza/dev/react/tenzies/src/components/bower_components","/home/hamza/dev/react/tenzies/src/components/node_modules","/home/hamza/dev/react/tenzies/src/bower_components","/home/hamza/dev/react/tenzies/src/node_modules"]}
[19:16:33.055] Installing typings ["Math;"]
[19:16:33.055] 'Math;':: 'Math;' is in missingTypingsSet - skipping...
[19:16:33.055] All typings are known to be missing or invalid - no need to install more typings
[19:16:33.055] Sending response:
    {"projectName":"/dev/null/inferredProject1*","typeAcquisition":{"enable":true,"include":[],"exclude":[]},"compilerOptions":{"module":1,"target":3,"jsx":1,"allowJs":true,"allowSyntheticDefaultImports":true,"allowNonTsExtensions":true,"noEmitForJsFiles":true,"maxNodeModuleJsDepth":2},"typings":["/home/hamza/.cache/typescript/4.7/node_modules/@types/react/index.d.ts"],"unresolvedImports":["Math;"],"kind":"action::set"}
[19:16:33.055] Response has been sent.
[19:18:08.366] sysLog:: onTimerToUpdateChildWatches:: 1
[19:18:08.367] sysLog:: invokingWatchers:: Elapsed:: 0.13868999853730202ms:: 0
[19:18:08.367] DirectoryWatcher:: Triggered with /home/hamza/dev/react/tenzies/src/components/#stopwatch.jsx# 0:: WatchInfo: /home/hamza/dev/react/tenzies/src/components 1 undefined Project: /dev/null/inferredProject1* watcher already invoked: false
[19:18:08.367] Elapsed:: 0.009729001671075821ms DirectoryWatcher:: Triggered with /home/hamza/dev/react/tenzies/src/components/#stopwatch.jsx# 0:: WatchInfo: /home/hamza/dev/react/tenzies/src/components 1 undefined Project: /dev/null/inferredProject1* watcher already invoked: false
[19:18:08.367] sysLog:: Elapsed:: 0.23737499862909317ms:: onTimerToUpdateChildWatches:: 0 undefined
[19:18:12.356] sysLog:: onTimerToUpdateChildWatches:: 1
[19:18:12.357] sysLog:: invokingWatchers:: Elapsed:: 0.13035500049591064ms:: 0
[19:18:12.357] DirectoryWatcher:: Triggered with /home/hamza/dev/react/tenzies/src/components/#stopwatch.jsx# 0:: WatchInfo: /home/hamza/dev/react/tenzies/src/components 1 undefined Project: /dev/null/inferredProject1* watcher already invoked: false
[19:18:12.357] Elapsed:: 0.03149000182747841ms DirectoryWatcher:: Triggered with /home/hamza/dev/react/tenzies/src/components/#stopwatch.jsx# 0:: WatchInfo: /home/hamza/dev/react/tenzies/src/components 1 undefined Project: /dev/null/inferredProject1* watcher already invoked: false
[19:18:12.357] sysLog:: Elapsed:: 0.38132600113749504ms:: onTimerToUpdateChildWatches:: 0 undefined
[22:03:01.924] Got install request {"projectName":"/dev/null/inferredProject2*","fileNames":["/home/hamza/.emacs.d/var/lsp/server/npm/typescript/lib/node_modules/typescript/lib/lib.es5.d.ts","/home/hamza/.emacs.d/var/lsp/server/npm/typescript/lib/node_modules/typescript/lib/lib.es2015.d.ts","/home/hamza/.emacs.d/var/lsp/server/npm/typescript/lib/node_modules/typescript/lib/lib.es2016.d.ts","/home/hamza/.emacs.d/var/lsp/server/npm/typescript/lib/node_modules/typescript/lib/lib.dom.d.ts","/home/hamza/.emacs.d/var/lsp/server/npm/typescript/lib/node_modules/typescript/lib/lib.dom.iterable.d.ts","/home/hamza/.emacs.d/var/lsp/server/npm/typescript/lib/node_modules/typescript/lib/lib.webworker.importscripts.d.ts","/home/hamza/.emacs.d/var/lsp/server/npm/typescript/lib/node_modules/typescript/lib/lib.scripthost.d.ts","/home/hamza/.emacs.d/var/lsp/server/npm/typescript/lib/node_modules/typescript/lib/lib.es2015.core.d.ts","/home/hamza/.emacs.d/var/lsp/server/npm/typescript/lib/node_modules/typescript/lib/lib.es2015.collection.d.ts","/home/hamza/.emacs.d/var/lsp/server/npm/typescript/lib/node_modules/typescript/lib/lib.es2015.generator.d.ts","/home/hamza/.emacs.d/var/lsp/server/npm/typescript/lib/node_modules/typescript/lib/lib.es2015.iterable.d.ts","/home/hamza/.emacs.d/var/lsp/server/npm/typescript/lib/node_modules/typescript/lib/lib.es2015.promise.d.ts","/home/hamza/.emacs.d/var/lsp/server/npm/typescript/lib/node_modules/typescript/lib/lib.es2015.proxy.d.ts","/home/hamza/.emacs.d/var/lsp/server/npm/typescript/lib/node_modules/typescript/lib/lib.es2015.reflect.d.ts","/home/hamza/.emacs.d/var/lsp/server/npm/typescript/lib/node_modules/typescript/lib/lib.es2015.symbol.d.ts","/home/hamza/.emacs.d/var/lsp/server/npm/typescript/lib/node_modules/typescript/lib/lib.es2015.symbol.wellknown.d.ts","/home/hamza/.emacs.d/var/lsp/server/npm/typescript/lib/node_modules/typescript/lib/lib.es2016.array.include.d.ts","/home/hamza/.emacs.d/var/lsp/server/npm/typescript/lib/node_modules/typescript/lib/lib.es2016.full.d.ts","/home/hamza/dev/react/tenzies/src/components/stopwatch.jsx"],"compilerOptions":{"module":1,"target":3,"jsx":1,"allowJs":true,"allowSyntheticDefaultImports":true,"allowNonTsExtensions":true,"noEmitForJsFiles":true,"maxNodeModuleJsDepth":2},"typeAcquisition":{"enable":true,"include":[],"exclude":[]},"unresolvedImports":[],"projectRootPath":"/home/hamza/dev/react/tenzies/src/components","kind":"discover"}
[22:03:01.924] Explicitly included types: []
[22:03:01.924] Inferred 'react' typings due to presence of '.jsx' extension
[22:03:01.924] Inferred typings from unresolved imports: []
[22:03:01.924] Result: {"cachedTypingPaths":["/home/hamza/.cache/typescript/4.7/node_modules/@types/react/index.d.ts"],"newTypingNames":[],"filesToWatch":["/home/hamza/dev/react/tenzies/src/components/bower_components","/home/hamza/dev/react/tenzies/src/components/node_modules"]}
[22:03:01.924] Finished typings discovery: {"cachedTypingPaths":["/home/hamza/.cache/typescript/4.7/node_modules/@types/react/index.d.ts"],"newTypingNames":[],"filesToWatch":["/home/hamza/dev/react/tenzies/src/components/bower_components","/home/hamza/dev/react/tenzies/src/components/node_modules"]}
[22:03:01.924] DirectoryWatcher:: Added:: WatchInfo: /home/hamza/dev/react/tenzies/src/components/bower_components
[22:03:01.924] DirectoryWatcher:: Added:: WatchInfo: /home/hamza/dev/react/tenzies/src/components/bower_components 1 undefined Project: /dev/null/inferredProject2* watcher already invoked: false
[22:03:01.925] Elapsed:: 0.1880829930305481ms DirectoryWatcher:: Added:: WatchInfo: /home/hamza/dev/react/tenzies/src/components/bower_components 1 undefined Project: /dev/null/inferredProject2* watcher already invoked: false
[22:03:01.925] DirectoryWatcher:: Added:: WatchInfo: /home/hamza/dev/react/tenzies/src/components/node_modules
[22:03:01.925] DirectoryWatcher:: Added:: WatchInfo: /home/hamza/dev/react/tenzies/src/components/node_modules 1 undefined Project: /dev/null/inferredProject2* watcher already invoked: false
[22:03:01.925] Elapsed:: 0.09564000368118286ms DirectoryWatcher:: Added:: WatchInfo: /home/hamza/dev/react/tenzies/src/components/node_modules 1 undefined Project: /dev/null/inferredProject2* watcher already invoked: false
[22:03:01.925] Sending response:
    {"projectName":"/dev/null/inferredProject2*","typeAcquisition":{"enable":true,"include":[],"exclude":[]},"compilerOptions":{"module":1,"target":3,"jsx":1,"allowJs":true,"allowSyntheticDefaultImports":true,"allowNonTsExtensions":true,"noEmitForJsFiles":true,"maxNodeModuleJsDepth":2},"typings":["/home/hamza/.cache/typescript/4.7/node_modules/@types/react/index.d.ts"],"unresolvedImports":[],"kind":"action::set"}
[22:03:01.925] Response has been sent.
[22:03:01.925] No new typings were requested as a result of typings discovery
[22:03:02.017] Got install request {"projectName":"/dev/null/inferredProject1*","fileNames":["/home/hamza/.emacs.d/var/lsp/server/npm/typescript/lib/node_modules/typescript/lib/lib.es5.d.ts","/home/hamza/.emacs.d/var/lsp/server/npm/typescript/lib/node_modules/typescript/lib/lib.es2015.d.ts","/home/hamza/.emacs.d/var/lsp/server/npm/typescript/lib/node_modules/typescript/lib/lib.es2016.d.ts","/home/hamza/.emacs.d/var/lsp/server/npm/typescript/lib/node_modules/typescript/lib/lib.dom.d.ts","/home/hamza/.emacs.d/var/lsp/server/npm/typescript/lib/node_modules/typescript/lib/lib.dom.iterable.d.ts","/home/hamza/.emacs.d/var/lsp/server/npm/typescript/lib/node_modules/typescript/lib/lib.webworker.importscripts.d.ts","/home/hamza/.emacs.d/var/lsp/server/npm/typescript/lib/node_modules/typescript/lib/lib.scripthost.d.ts","/home/hamza/.emacs.d/var/lsp/server/npm/typescript/lib/node_modules/typescript/lib/lib.es2015.core.d.ts","/home/hamza/.emacs.d/var/lsp/server/npm/typescript/lib/node_modules/typescript/lib/lib.es2015.collection.d.ts","/home/hamza/.emacs.d/var/lsp/server/npm/typescript/lib/node_modules/typescript/lib/lib.es2015.generator.d.ts","/home/hamza/.emacs.d/var/lsp/server/npm/typescript/lib/node_modules/typescript/lib/lib.es2015.iterable.d.ts","/home/hamza/.emacs.d/var/lsp/server/npm/typescript/lib/node_modules/typescript/lib/lib.es2015.promise.d.ts","/home/hamza/.emacs.d/var/lsp/server/npm/typescript/lib/node_modules/typescript/lib/lib.es2015.proxy.d.ts","/home/hamza/.emacs.d/var/lsp/server/npm/typescript/lib/node_modules/typescript/lib/lib.es2015.reflect.d.ts","/home/hamza/.emacs.d/var/lsp/server/npm/typescript/lib/node_modules/typescript/lib/lib.es2015.symbol.d.ts","/home/hamza/.emacs.d/var/lsp/server/npm/typescript/lib/node_modules/typescript/lib/lib.es2015.symbol.wellknown.d.ts","/home/hamza/.emacs.d/var/lsp/server/npm/typescript/lib/node_modules/typescript/lib/lib.es2016.array.include.d.ts","/home/hamza/.emacs.d/var/lsp/server/npm/typescript/lib/node_modules/typescript/lib/lib.es2016.full.d.ts","/home/hamza/dev/react/tenzies/src/components/die.jsx","/home/hamza/dev/react/tenzies/src/components/stopwatch.jsx","/home/hamza/dev/react/tenzies/src/app.bak.js","/home/hamza/.cache/typescript/4.7/node_modules/@types/react/global.d.ts","/home/hamza/.cache/typescript/4.7/node_modules/@types/react/index.d.ts"],"compilerOptions":{"module":1,"target":3,"jsx":1,"allowJs":true,"allowSyntheticDefaultImports":true,"allowNonTsExtensions":true,"noEmitForJsFiles":true,"maxNodeModuleJsDepth":2},"typeAcquisition":{"enable":true,"include":[],"exclude":[]},"unresolvedImports":[],"projectRootPath":"/home/hamza/dev/react/tenzies/src","kind":"discover"}
[22:03:02.017] Explicitly included types: []
[22:03:02.018] Inferred 'react' typings due to presence of '.jsx' extension
[22:03:02.018] Inferred typings from unresolved imports: []
[22:03:02.018] Result: {"cachedTypingPaths":["/home/hamza/.cache/typescript/4.7/node_modules/@types/react/index.d.ts"],"newTypingNames":[],"filesToWatch":["/home/hamza/dev/react/tenzies/src/components/bower_components","/home/hamza/dev/react/tenzies/src/components/node_modules","/home/hamza/dev/react/tenzies/src/bower_components","/home/hamza/dev/react/tenzies/src/node_modules"]}
[22:03:02.018] Finished typings discovery: {"cachedTypingPaths":["/home/hamza/.cache/typescript/4.7/node_modules/@types/react/index.d.ts"],"newTypingNames":[],"filesToWatch":["/home/hamza/dev/react/tenzies/src/components/bower_components","/home/hamza/dev/react/tenzies/src/components/node_modules","/home/hamza/dev/react/tenzies/src/bower_components","/home/hamza/dev/react/tenzies/src/node_modules"]}
[22:03:02.018] Sending response:
    {"projectName":"/dev/null/inferredProject1*","typeAcquisition":{"enable":true,"include":[],"exclude":[]},"compilerOptions":{"module":1,"target":3,"jsx":1,"allowJs":true,"allowSyntheticDefaultImports":true,"allowNonTsExtensions":true,"noEmitForJsFiles":true,"maxNodeModuleJsDepth":2},"typings":["/home/hamza/.cache/typescript/4.7/node_modules/@types/react/index.d.ts"],"unresolvedImports":[],"kind":"action::set"}
[22:03:02.018] Response has been sent.
[22:03:02.018] No new typings were requested as a result of typings discovery
[22:03:15.255] Got install request {"projectName":"/dev/null/inferredProject3*","fileNames":["/home/hamza/.emacs.d/var/lsp/server/npm/typescript/lib/node_modules/typescript/lib/lib.es5.d.ts","/home/hamza/.emacs.d/var/lsp/server/npm/typescript/lib/node_modules/typescript/lib/lib.es2015.d.ts","/home/hamza/.emacs.d/var/lsp/server/npm/typescript/lib/node_modules/typescript/lib/lib.es2016.d.ts","/home/hamza/.emacs.d/var/lsp/server/npm/typescript/lib/node_modules/typescript/lib/lib.dom.d.ts","/home/hamza/.emacs.d/var/lsp/server/npm/typescript/lib/node_modules/typescript/lib/lib.dom.iterable.d.ts","/home/hamza/.emacs.d/var/lsp/server/npm/typescript/lib/node_modules/typescript/lib/lib.webworker.importscripts.d.ts","/home/hamza/.emacs.d/var/lsp/server/npm/typescript/lib/node_modules/typescript/lib/lib.scripthost.d.ts","/home/hamza/.emacs.d/var/lsp/server/npm/typescript/lib/node_modules/typescript/lib/lib.es2015.core.d.ts","/home/hamza/.emacs.d/var/lsp/server/npm/typescript/lib/node_modules/typescript/lib/lib.es2015.collection.d.ts","/home/hamza/.emacs.d/var/lsp/server/npm/typescript/lib/node_modules/typescript/lib/lib.es2015.generator.d.ts","/home/hamza/.emacs.d/var/lsp/server/npm/typescript/lib/node_modules/typescript/lib/lib.es2015.iterable.d.ts","/home/hamza/.emacs.d/var/lsp/server/npm/typescript/lib/node_modules/typescript/lib/lib.es2015.promise.d.ts","/home/hamza/.emacs.d/var/lsp/server/npm/typescript/lib/node_modules/typescript/lib/lib.es2015.proxy.d.ts","/home/hamza/.emacs.d/var/lsp/server/npm/typescript/lib/node_modules/typescript/lib/lib.es2015.reflect.d.ts","/home/hamza/.emacs.d/var/lsp/server/npm/typescript/lib/node_modules/typescript/lib/lib.es2015.symbol.d.ts","/home/hamza/.emacs.d/var/lsp/server/npm/typescript/lib/node_modules/typescript/lib/lib.es2015.symbol.wellknown.d.ts","/home/hamza/.emacs.d/var/lsp/server/npm/typescript/lib/node_modules/typescript/lib/lib.es2016.array.include.d.ts","/home/hamza/.emacs.d/var/lsp/server/npm/typescript/lib/node_modules/typescript/lib/lib.es2016.full.d.ts","/home/hamza/dev/react/tenzies/src/components/stopwatch.jsx"],"compilerOptions":{"module":1,"target":3,"jsx":1,"allowJs":true,"allowSyntheticDefaultImports":true,"allowNonTsExtensions":true,"noEmitForJsFiles":true,"maxNodeModuleJsDepth":2},"typeAcquisition":{"enable":true,"include":[],"exclude":[]},"unresolvedImports":[],"projectRootPath":"/home/hamza/dev/react/tenzies/src/components","kind":"discover"}
[22:03:15.255] Explicitly included types: []
[22:03:15.255] Inferred 'react' typings due to presence of '.jsx' extension
[22:03:15.255] Inferred typings from unresolved imports: []
[22:03:15.255] Result: {"cachedTypingPaths":["/home/hamza/.cache/typescript/4.7/node_modules/@types/react/index.d.ts"],"newTypingNames":[],"filesToWatch":["/home/hamza/dev/react/tenzies/src/components/bower_components","/home/hamza/dev/react/tenzies/src/components/node_modules"]}
[22:03:15.255] Finished typings discovery: {"cachedTypingPaths":["/home/hamza/.cache/typescript/4.7/node_modules/@types/react/index.d.ts"],"newTypingNames":[],"filesToWatch":["/home/hamza/dev/react/tenzies/src/components/bower_components","/home/hamza/dev/react/tenzies/src/components/node_modules"]}
[22:03:15.255] DirectoryWatcher:: Added:: WatchInfo: /home/hamza/dev/react/tenzies/src/components/bower_components
[22:03:15.255] DirectoryWatcher:: Added:: WatchInfo: /home/hamza/dev/react/tenzies/src/components/bower_components 1 undefined Project: /dev/null/inferredProject3* watcher already invoked: false
[22:03:15.255] Elapsed:: 0.031168997287750244ms DirectoryWatcher:: Added:: WatchInfo: /home/hamza/dev/react/tenzies/src/components/bower_components 1 undefined Project: /dev/null/inferredProject3* watcher already invoked: false
[22:03:15.255] DirectoryWatcher:: Added:: WatchInfo: /home/hamza/dev/react/tenzies/src/components/node_modules
[22:03:15.255] DirectoryWatcher:: Added:: WatchInfo: /home/hamza/dev/react/tenzies/src/components/node_modules 1 undefined Project: /dev/null/inferredProject3* watcher already invoked: false
[22:03:15.256] Elapsed:: 0.13920098543167114ms DirectoryWatcher:: Added:: WatchInfo: /home/hamza/dev/react/tenzies/src/components/node_modules 1 undefined Project: /dev/null/inferredProject3* watcher already invoked: false
[22:03:15.256] Sending response:
    {"projectName":"/dev/null/inferredProject3*","typeAcquisition":{"enable":true,"include":[],"exclude":[]},"compilerOptions":{"module":1,"target":3,"jsx":1,"allowJs":true,"allowSyntheticDefaultImports":true,"allowNonTsExtensions":true,"noEmitForJsFiles":true,"maxNodeModuleJsDepth":2},"typings":["/home/hamza/.cache/typescript/4.7/node_modules/@types/react/index.d.ts"],"unresolvedImports":[],"kind":"action::set"}
[22:03:15.256] Response has been sent.
[22:03:15.256] No new typings were requested as a result of typings discovery
[22:03:15.375] Got install request {"projectName":"/dev/null/inferredProject1*","fileNames":["/home/hamza/.emacs.d/var/lsp/server/npm/typescript/lib/node_modules/typescript/lib/lib.es5.d.ts","/home/hamza/.emacs.d/var/lsp/server/npm/typescript/lib/node_modules/typescript/lib/lib.es2015.d.ts","/home/hamza/.emacs.d/var/lsp/server/npm/typescript/lib/node_modules/typescript/lib/lib.es2016.d.ts","/home/hamza/.emacs.d/var/lsp/server/npm/typescript/lib/node_modules/typescript/lib/lib.dom.d.ts","/home/hamza/.emacs.d/var/lsp/server/npm/typescript/lib/node_modules/typescript/lib/lib.dom.iterable.d.ts","/home/hamza/.emacs.d/var/lsp/server/npm/typescript/lib/node_modules/typescript/lib/lib.webworker.importscripts.d.ts","/home/hamza/.emacs.d/var/lsp/server/npm/typescript/lib/node_modules/typescript/lib/lib.scripthost.d.ts","/home/hamza/.emacs.d/var/lsp/server/npm/typescript/lib/node_modules/typescript/lib/lib.es2015.core.d.ts","/home/hamza/.emacs.d/var/lsp/server/npm/typescript/lib/node_modules/typescript/lib/lib.es2015.collection.d.ts","/home/hamza/.emacs.d/var/lsp/server/npm/typescript/lib/node_modules/typescript/lib/lib.es2015.generator.d.ts","/home/hamza/.emacs.d/var/lsp/server/npm/typescript/lib/node_modules/typescript/lib/lib.es2015.iterable.d.ts","/home/hamza/.emacs.d/var/lsp/server/npm/typescript/lib/node_modules/typescript/lib/lib.es2015.promise.d.ts","/home/hamza/.emacs.d/var/lsp/server/npm/typescript/lib/node_modules/typescript/lib/lib.es2015.proxy.d.ts","/home/hamza/.emacs.d/var/lsp/server/npm/typescript/lib/node_modules/typescript/lib/lib.es2015.reflect.d.ts","/home/hamza/.emacs.d/var/lsp/server/npm/typescript/lib/node_modules/typescript/lib/lib.es2015.symbol.d.ts","/home/hamza/.emacs.d/var/lsp/server/npm/typescript/lib/node_modules/typescript/lib/lib.es2015.symbol.wellknown.d.ts","/home/hamza/.emacs.d/var/lsp/server/npm/typescript/lib/node_modules/typescript/lib/lib.es2016.array.include.d.ts","/home/hamza/.emacs.d/var/lsp/server/npm/typescript/lib/node_modules/typescript/lib/lib.es2016.full.d.ts","/home/hamza/dev/react/tenzies/src/components/die.jsx","/home/hamza/dev/react/tenzies/src/components/stopwatch.jsx","/home/hamza/dev/react/tenzies/src/App.bak.js","/home/hamza/.cache/typescript/4.7/node_modules/@types/react/global.d.ts","/home/hamza/.cache/typescript/4.7/node_modules/@types/react/index.d.ts"],"compilerOptions":{"module":1,"target":3,"jsx":1,"allowJs":true,"allowSyntheticDefaultImports":true,"allowNonTsExtensions":true,"noEmitForJsFiles":true,"maxNodeModuleJsDepth":2},"typeAcquisition":{"enable":true,"include":[],"exclude":[]},"unresolvedImports":[],"projectRootPath":"/home/hamza/dev/react/tenzies/src","kind":"discover"}
[22:03:15.376] Explicitly included types: []
[22:03:15.376] Inferred 'react' typings due to presence of '.jsx' extension
[22:03:15.376] Inferred typings from unresolved imports: []
[22:03:15.376] Result: {"cachedTypingPaths":["/home/hamza/.cache/typescript/4.7/node_modules/@types/react/index.d.ts"],"newTypingNames":[],"filesToWatch":["/home/hamza/dev/react/tenzies/src/components/bower_components","/home/hamza/dev/react/tenzies/src/components/node_modules","/home/hamza/dev/react/tenzies/src/bower_components","/home/hamza/dev/react/tenzies/src/node_modules"]}
[22:03:15.376] Finished typings discovery: {"cachedTypingPaths":["/home/hamza/.cache/typescript/4.7/node_modules/@types/react/index.d.ts"],"newTypingNames":[],"filesToWatch":["/home/hamza/dev/react/tenzies/src/components/bower_components","/home/hamza/dev/react/tenzies/src/components/node_modules","/home/hamza/dev/react/tenzies/src/bower_components","/home/hamza/dev/react/tenzies/src/node_modules"]}
[22:03:15.376] Sending response:
    {"projectName":"/dev/null/inferredProject1*","typeAcquisition":{"enable":true,"include":[],"exclude":[]},"compilerOptions":{"module":1,"target":3,"jsx":1,"allowJs":true,"allowSyntheticDefaultImports":true,"allowNonTsExtensions":true,"noEmitForJsFiles":true,"maxNodeModuleJsDepth":2},"typings":["/home/hamza/.cache/typescript/4.7/node_modules/@types/react/index.d.ts"],"unresolvedImports":[],"kind":"action::set"}
[22:03:15.376] Response has been sent.
[22:03:15.377] No new typings were requested as a result of typings discovery
[22:03:23.176] Got install request {"projectName":"/dev/null/inferredProject4*","fileNames":["/home/hamza/.emacs.d/var/lsp/server/npm/typescript/lib/node_modules/typescript/lib/lib.es5.d.ts","/home/hamza/.emacs.d/var/lsp/server/npm/typescript/lib/node_modules/typescript/lib/lib.es2015.d.ts","/home/hamza/.emacs.d/var/lsp/server/npm/typescript/lib/node_modules/typescript/lib/lib.es2016.d.ts","/home/hamza/.emacs.d/var/lsp/server/npm/typescript/lib/node_modules/typescript/lib/lib.dom.d.ts","/home/hamza/.emacs.d/var/lsp/server/npm/typescript/lib/node_modules/typescript/lib/lib.dom.iterable.d.ts","/home/hamza/.emacs.d/var/lsp/server/npm/typescript/lib/node_modules/typescript/lib/lib.webworker.importscripts.d.ts","/home/hamza/.emacs.d/var/lsp/server/npm/typescript/lib/node_modules/typescript/lib/lib.scripthost.d.ts","/home/hamza/.emacs.d/var/lsp/server/npm/typescript/lib/node_modules/typescript/lib/lib.es2015.core.d.ts","/home/hamza/.emacs.d/var/lsp/server/npm/typescript/lib/node_modules/typescript/lib/lib.es2015.collection.d.ts","/home/hamza/.emacs.d/var/lsp/server/npm/typescript/lib/node_modules/typescript/lib/lib.es2015.generator.d.ts","/home/hamza/.emacs.d/var/lsp/server/npm/typescript/lib/node_modules/typescript/lib/lib.es2015.iterable.d.ts","/home/hamza/.emacs.d/var/lsp/server/npm/typescript/lib/node_modules/typescript/lib/lib.es2015.promise.d.ts","/home/hamza/.emacs.d/var/lsp/server/npm/typescript/lib/node_modules/typescript/lib/lib.es2015.proxy.d.ts","/home/hamza/.emacs.d/var/lsp/server/npm/typescript/lib/node_modules/typescript/lib/lib.es2015.reflect.d.ts","/home/hamza/.emacs.d/var/lsp/server/npm/typescript/lib/node_modules/typescript/lib/lib.es2015.symbol.d.ts","/home/hamza/.emacs.d/var/lsp/server/npm/typescript/lib/node_modules/typescript/lib/lib.es2015.symbol.wellknown.d.ts","/home/hamza/.emacs.d/var/lsp/server/npm/typescript/lib/node_modules/typescript/lib/lib.es2016.array.include.d.ts","/home/hamza/.emacs.d/var/lsp/server/npm/typescript/lib/node_modules/typescript/lib/lib.es2016.full.d.ts","/home/hamza/dev/react/tenzies/src/components/die.jsx","/home/hamza/dev/react/tenzies/src/components/stopwatch.jsx","/home/hamza/dev/react/tenzies/src/App.js"],"compilerOptions":{"module":1,"target":3,"jsx":1,"allowJs":true,"allowSyntheticDefaultImports":true,"allowNonTsExtensions":true,"noEmitForJsFiles":true,"maxNodeModuleJsDepth":2},"typeAcquisition":{"enable":true,"include":[],"exclude":[]},"unresolvedImports":[],"projectRootPath":"/home/hamza/dev/react/tenzies/src","kind":"discover"}
[22:03:23.176] Explicitly included types: []
[22:03:23.176] Inferred 'react' typings due to presence of '.jsx' extension
[22:03:23.176] Inferred typings from unresolved imports: []
[22:03:23.176] Result: {"cachedTypingPaths":["/home/hamza/.cache/typescript/4.7/node_modules/@types/react/index.d.ts"],"newTypingNames":[],"filesToWatch":["/home/hamza/dev/react/tenzies/src/components/bower_components","/home/hamza/dev/react/tenzies/src/components/node_modules","/home/hamza/dev/react/tenzies/src/bower_components","/home/hamza/dev/react/tenzies/src/node_modules"]}
[22:03:23.176] Finished typings discovery: {"cachedTypingPaths":["/home/hamza/.cache/typescript/4.7/node_modules/@types/react/index.d.ts"],"newTypingNames":[],"filesToWatch":["/home/hamza/dev/react/tenzies/src/components/bower_components","/home/hamza/dev/react/tenzies/src/components/node_modules","/home/hamza/dev/react/tenzies/src/bower_components","/home/hamza/dev/react/tenzies/src/node_modules"]}
[22:03:23.177] DirectoryWatcher:: Added:: WatchInfo: /home/hamza/dev/react/tenzies/src/components
[22:03:23.177] DirectoryWatcher:: Added:: WatchInfo: /home/hamza/dev/react/tenzies/src/components 1 undefined Project: /dev/null/inferredProject4* watcher already invoked: false
[22:03:23.177] Elapsed:: 0.02840399742126465ms DirectoryWatcher:: Added:: WatchInfo: /home/hamza/dev/react/tenzies/src/components 1 undefined Project: /dev/null/inferredProject4* watcher already invoked: false
[22:03:23.177] DirectoryWatcher:: Added:: WatchInfo: /home/hamza/dev/react/tenzies/src/bower_components
[22:03:23.177] DirectoryWatcher:: Added:: WatchInfo: /home/hamza/dev/react/tenzies/src/bower_components 1 undefined Project: /dev/null/inferredProject4* watcher already invoked: false
[22:03:23.177] Elapsed:: 0.012463003396987915ms DirectoryWatcher:: Added:: WatchInfo: /home/hamza/dev/react/tenzies/src/bower_components 1 undefined Project: /dev/null/inferredProject4* watcher already invoked: false
[22:03:23.177] DirectoryWatcher:: Added:: WatchInfo: /home/hamza/dev/react/tenzies/src/node_modules
[22:03:23.177] DirectoryWatcher:: Added:: WatchInfo: /home/hamza/dev/react/tenzies/src/node_modules 1 undefined Project: /dev/null/inferredProject4* watcher already invoked: false
[22:03:23.177] Elapsed:: 0.0408170223236084ms DirectoryWatcher:: Added:: WatchInfo: /home/hamza/dev/react/tenzies/src/node_modules 1 undefined Project: /dev/null/inferredProject4* watcher already invoked: false
[22:03:23.177] Sending response:
    {"projectName":"/dev/null/inferredProject4*","typeAcquisition":{"enable":true,"include":[],"exclude":[]},"compilerOptions":{"module":1,"target":3,"jsx":1,"allowJs":true,"allowSyntheticDefaultImports":true,"allowNonTsExtensions":true,"noEmitForJsFiles":true,"maxNodeModuleJsDepth":2},"typings":["/home/hamza/.cache/typescript/4.7/node_modules/@types/react/index.d.ts"],"unresolvedImports":[],"kind":"action::set"}
[22:03:23.178] Response has been sent.
[22:03:23.178] No new typings were requested as a result of typings discovery
[22:03:23.313] Got install request {"projectName":"/dev/null/inferredProject4*","fileNames":["/home/hamza/.emacs.d/var/lsp/server/npm/typescript/lib/node_modules/typescript/lib/lib.es5.d.ts","/home/hamza/.emacs.d/var/lsp/server/npm/typescript/lib/node_modules/typescript/lib/lib.es2015.d.ts","/home/hamza/.emacs.d/var/lsp/server/npm/typescript/lib/node_modules/typescript/lib/lib.es2016.d.ts","/home/hamza/.emacs.d/var/lsp/server/npm/typescript/lib/node_modules/typescript/lib/lib.dom.d.ts","/home/hamza/.emacs.d/var/lsp/server/npm/typescript/lib/node_modules/typescript/lib/lib.dom.iterable.d.ts","/home/hamza/.emacs.d/var/lsp/server/npm/typescript/lib/node_modules/typescript/lib/lib.webworker.importscripts.d.ts","/home/hamza/.emacs.d/var/lsp/server/npm/typescript/lib/node_modules/typescript/lib/lib.scripthost.d.ts","/home/hamza/.emacs.d/var/lsp/server/npm/typescript/lib/node_modules/typescript/lib/lib.es2015.core.d.ts","/home/hamza/.emacs.d/var/lsp/server/npm/typescript/lib/node_modules/typescript/lib/lib.es2015.collection.d.ts","/home/hamza/.emacs.d/var/lsp/server/npm/typescript/lib/node_modules/typescript/lib/lib.es2015.generator.d.ts","/home/hamza/.emacs.d/var/lsp/server/npm/typescript/lib/node_modules/typescript/lib/lib.es2015.iterable.d.ts","/home/hamza/.emacs.d/var/lsp/server/npm/typescript/lib/node_modules/typescript/lib/lib.es2015.promise.d.ts","/home/hamza/.emacs.d/var/lsp/server/npm/typescript/lib/node_modules/typescript/lib/lib.es2015.proxy.d.ts","/home/hamza/.emacs.d/var/lsp/server/npm/typescript/lib/node_modules/typescript/lib/lib.es2015.reflect.d.ts","/home/hamza/.emacs.d/var/lsp/server/npm/typescript/lib/node_modules/typescript/lib/lib.es2015.symbol.d.ts","/home/hamza/.emacs.d/var/lsp/server/npm/typescript/lib/node_modules/typescript/lib/lib.es2015.symbol.wellknown.d.ts","/home/hamza/.emacs.d/var/lsp/server/npm/typescript/lib/node_modules/typescript/lib/lib.es2016.array.include.d.ts","/home/hamza/.emacs.d/var/lsp/server/npm/typescript/lib/node_modules/typescript/lib/lib.es2016.full.d.ts","/home/hamza/dev/react/tenzies/src/components/die.jsx","/home/hamza/dev/react/tenzies/src/components/stopwatch.jsx","/home/hamza/dev/react/tenzies/src/App.js","/home/hamza/.cache/typescript/4.7/node_modules/@types/react/global.d.ts","/home/hamza/.cache/typescript/4.7/node_modules/@types/react/index.d.ts"],"compilerOptions":{"module":1,"target":3,"jsx":1,"allowJs":true,"allowSyntheticDefaultImports":true,"allowNonTsExtensions":true,"noEmitForJsFiles":true,"maxNodeModuleJsDepth":2},"typeAcquisition":{"enable":true,"include":[],"exclude":[]},"unresolvedImports":[],"projectRootPath":"/home/hamza/dev/react/tenzies/src","kind":"discover"}
[22:03:23.313] Explicitly included types: []
[22:03:23.314] Inferred 'react' typings due to presence of '.jsx' extension
[22:03:23.314] Inferred typings from unresolved imports: []
[22:03:23.314] Result: {"cachedTypingPaths":["/home/hamza/.cache/typescript/4.7/node_modules/@types/react/index.d.ts"],"newTypingNames":[],"filesToWatch":["/home/hamza/dev/react/tenzies/src/components/bower_components","/home/hamza/dev/react/tenzies/src/components/node_modules","/home/hamza/dev/react/tenzies/src/bower_components","/home/hamza/dev/react/tenzies/src/node_modules"]}
[22:03:23.314] Finished typings discovery: {"cachedTypingPaths":["/home/hamza/.cache/typescript/4.7/node_modules/@types/react/index.d.ts"],"newTypingNames":[],"filesToWatch":["/home/hamza/dev/react/tenzies/src/components/bower_components","/home/hamza/dev/react/tenzies/src/components/node_modules","/home/hamza/dev/react/tenzies/src/bower_components","/home/hamza/dev/react/tenzies/src/node_modules"]}
[22:03:23.314] Sending response:
    {"projectName":"/dev/null/inferredProject4*","typeAcquisition":{"enable":true,"include":[],"exclude":[]},"compilerOptions":{"module":1,"target":3,"jsx":1,"allowJs":true,"allowSyntheticDefaultImports":true,"allowNonTsExtensions":true,"noEmitForJsFiles":true,"maxNodeModuleJsDepth":2},"typings":["/home/hamza/.cache/typescript/4.7/node_modules/@types/react/index.d.ts"],"unresolvedImports":[],"kind":"action::set"}
[22:03:23.314] Response has been sent.
[22:03:23.314] No new typings were requested as a result of typings discovery
