[10:29:04.052] Global cache location '/home/hamza/.cache/typescript/4.7', safe file path '/home/hamza/.emacs.d/var/lsp/server/npm/typescript/lib/node_modules/typescript/lib/typingSafeList.json', types map path /home/hamza/.emacs.d/var/lsp/server/npm/typescript/lib/node_modules/typescript/lib/typesMap.json
[10:29:04.052] Processing cache location '/home/hamza/.cache/typescript/4.7'
[10:29:04.052] Trying to find '/home/hamza/.cache/typescript/4.7/package.json'...
[10:29:04.054] Loaded content of '/home/hamza/.cache/typescript/4.7/package.json': {"private":true,"dependencies":{"types-registry":"^0.1.602"},"devDependencies":{"@types/babel__core":"^7.1.19","@types/babel__preset-env":"^7.9.2","@types/react":"^18.0.15","@types/react-dom":"^18.0.6"}}
[10:29:04.054] Loaded content of '/home/hamza/.cache/typescript/4.7/package-lock.json'
[10:29:04.062] Adding entry into typings cache: 'babel__core' => '/home/hamza/.cache/typescript/4.7/node_modules/@types/babel__core/index.d.ts'
[10:29:04.063] Adding entry into typings cache: 'babel__preset-env' => '/home/hamza/.cache/typescript/4.7/node_modules/@types/babel__preset-env/index.d.ts'
[10:29:04.065] Adding entry into typings cache: 'react' => '/home/hamza/.cache/typescript/4.7/node_modules/@types/react/index.d.ts'
[10:29:04.066] Adding entry into typings cache: 'react-dom' => '/home/hamza/.cache/typescript/4.7/node_modules/@types/react-dom/index.d.ts'
[10:29:04.066] Finished processing cache location '/home/hamza/.cache/typescript/4.7'
[10:29:04.067] Process id: 20051
[10:29:04.067] NPM location: /usr/bin/npm (explicit '--npmLocation' not  provided)
[10:29:04.067] validateDefaultNpmLocation: false
[10:29:04.067] Npm config file: /home/hamza/.cache/typescript/4.7/package.json
[10:29:04.067] Updating types-registry npm package...
[10:29:04.067] Exec: /usr/bin/npm install --ignore-scripts types-registry@latest
[10:29:04.886]     Succeeded. stdout:
    
    up to date, audited 16 packages in 603ms

found 0 vulnerabilities

[10:29:04.886] Updated types-registry npm package
[10:29:05.513] Got install request {"projectName":"/dev/null/inferredProject1*","fileNames":["/home/hamza/.emacs.d/var/lsp/server/npm/typescript/lib/node_modules/typescript/lib/lib.es5.d.ts","/home/hamza/.emacs.d/var/lsp/server/npm/typescript/lib/node_modules/typescript/lib/lib.es2015.d.ts","/home/hamza/.emacs.d/var/lsp/server/npm/typescript/lib/node_modules/typescript/lib/lib.es2016.d.ts","/home/hamza/.emacs.d/var/lsp/server/npm/typescript/lib/node_modules/typescript/lib/lib.dom.d.ts","/home/hamza/.emacs.d/var/lsp/server/npm/typescript/lib/node_modules/typescript/lib/lib.dom.iterable.d.ts","/home/hamza/.emacs.d/var/lsp/server/npm/typescript/lib/node_modules/typescript/lib/lib.webworker.importscripts.d.ts","/home/hamza/.emacs.d/var/lsp/server/npm/typescript/lib/node_modules/typescript/lib/lib.scripthost.d.ts","/home/hamza/.emacs.d/var/lsp/server/npm/typescript/lib/node_modules/typescript/lib/lib.es2015.core.d.ts","/home/hamza/.emacs.d/var/lsp/server/npm/typescript/lib/node_modules/typescript/lib/lib.es2015.collection.d.ts","/home/hamza/.emacs.d/var/lsp/server/npm/typescript/lib/node_modules/typescript/lib/lib.es2015.generator.d.ts","/home/hamza/.emacs.d/var/lsp/server/npm/typescript/lib/node_modules/typescript/lib/lib.es2015.iterable.d.ts","/home/hamza/.emacs.d/var/lsp/server/npm/typescript/lib/node_modules/typescript/lib/lib.es2015.promise.d.ts","/home/hamza/.emacs.d/var/lsp/server/npm/typescript/lib/node_modules/typescript/lib/lib.es2015.proxy.d.ts","/home/hamza/.emacs.d/var/lsp/server/npm/typescript/lib/node_modules/typescript/lib/lib.es2015.reflect.d.ts","/home/hamza/.emacs.d/var/lsp/server/npm/typescript/lib/node_modules/typescript/lib/lib.es2015.symbol.d.ts","/home/hamza/.emacs.d/var/lsp/server/npm/typescript/lib/node_modules/typescript/lib/lib.es2015.symbol.wellknown.d.ts","/home/hamza/.emacs.d/var/lsp/server/npm/typescript/lib/node_modules/typescript/lib/lib.es2016.array.include.d.ts","/home/hamza/.emacs.d/var/lsp/server/npm/typescript/lib/node_modules/typescript/lib/lib.es2016.full.d.ts","/home/hamza/dev/react/tenzies/src/components/die.jsx","/home/hamza/dev/react/tenzies/src/components/stopwatch.jsx","/home/hamza/dev/react/tenzies/src/App.js"],"compilerOptions":{"module":1,"target":3,"jsx":1,"allowJs":true,"allowSyntheticDefaultImports":true,"allowNonTsExtensions":true,"noEmitForJsFiles":true,"maxNodeModuleJsDepth":2},"typeAcquisition":{"enable":true,"include":[],"exclude":[]},"unresolvedImports":[],"projectRootPath":"/home/hamza/dev/react/tenzies/src","kind":"discover"}
[10:29:05.523] Loaded safelist from types map file '/home/hamza/.emacs.d/var/lsp/server/npm/typescript/lib/node_modules/typescript/lib/typesMap.json'
[10:29:05.523] Explicitly included types: []
[10:29:05.523] Inferred 'react' typings due to presence of '.jsx' extension
[10:29:05.523] Inferred typings from unresolved imports: []
[10:29:05.524] Result: {"cachedTypingPaths":["/home/hamza/.cache/typescript/4.7/node_modules/@types/react/index.d.ts"],"newTypingNames":[],"filesToWatch":["/home/hamza/dev/react/tenzies/src/components/bower_components","/home/hamza/dev/react/tenzies/src/components/node_modules","/home/hamza/dev/react/tenzies/src/bower_components","/home/hamza/dev/react/tenzies/src/node_modules"]}
[10:29:05.524] Finished typings discovery: {"cachedTypingPaths":["/home/hamza/.cache/typescript/4.7/node_modules/@types/react/index.d.ts"],"newTypingNames":[],"filesToWatch":["/home/hamza/dev/react/tenzies/src/components/bower_components","/home/hamza/dev/react/tenzies/src/components/node_modules","/home/hamza/dev/react/tenzies/src/bower_components","/home/hamza/dev/react/tenzies/src/node_modules"]}
[10:29:05.524] DirectoryWatcher:: Added:: WatchInfo: /home/hamza/dev/react/tenzies/src/components
[10:29:05.524] DirectoryWatcher:: Added:: WatchInfo: /home/hamza/dev/react/tenzies/src/components 1 undefined Project: /dev/null/inferredProject1* watcher already invoked: false
[10:29:05.525] Elapsed:: 0.8418490001931787ms DirectoryWatcher:: Added:: WatchInfo: /home/hamza/dev/react/tenzies/src/components 1 undefined Project: /dev/null/inferredProject1* watcher already invoked: false
[10:29:05.525] DirectoryWatcher:: Added:: WatchInfo: /home/hamza/dev/react/tenzies/src/bower_components
[10:29:05.525] DirectoryWatcher:: Added:: WatchInfo: /home/hamza/dev/react/tenzies/src/bower_components 1 undefined Project: /dev/null/inferredProject1* watcher already invoked: false
[10:29:05.526] Elapsed:: 0.549902000464499ms DirectoryWatcher:: Added:: WatchInfo: /home/hamza/dev/react/tenzies/src/bower_components 1 undefined Project: /dev/null/inferredProject1* watcher already invoked: false
[10:29:05.526] DirectoryWatcher:: Added:: WatchInfo: /home/hamza/dev/react/tenzies/src/node_modules
[10:29:05.526] DirectoryWatcher:: Added:: WatchInfo: /home/hamza/dev/react/tenzies/src/node_modules 1 undefined Project: /dev/null/inferredProject1* watcher already invoked: false
[10:29:05.526] Elapsed:: 0.11048700008541346ms DirectoryWatcher:: Added:: WatchInfo: /home/hamza/dev/react/tenzies/src/node_modules 1 undefined Project: /dev/null/inferredProject1* watcher already invoked: false
[10:29:05.527] Sending response:
    {"projectName":"/dev/null/inferredProject1*","typeAcquisition":{"enable":true,"include":[],"exclude":[]},"compilerOptions":{"module":1,"target":3,"jsx":1,"allowJs":true,"allowSyntheticDefaultImports":true,"allowNonTsExtensions":true,"noEmitForJsFiles":true,"maxNodeModuleJsDepth":2},"typings":["/home/hamza/.cache/typescript/4.7/node_modules/@types/react/index.d.ts"],"unresolvedImports":[],"kind":"action::set"}
[10:29:05.527] Response has been sent.
[10:29:05.527] No new typings were requested as a result of typings discovery
[10:29:05.966] Got install request {"projectName":"/dev/null/inferredProject1*","fileNames":["/home/hamza/.emacs.d/var/lsp/server/npm/typescript/lib/node_modules/typescript/lib/lib.es5.d.ts","/home/hamza/.emacs.d/var/lsp/server/npm/typescript/lib/node_modules/typescript/lib/lib.es2015.d.ts","/home/hamza/.emacs.d/var/lsp/server/npm/typescript/lib/node_modules/typescript/lib/lib.es2016.d.ts","/home/hamza/.emacs.d/var/lsp/server/npm/typescript/lib/node_modules/typescript/lib/lib.dom.d.ts","/home/hamza/.emacs.d/var/lsp/server/npm/typescript/lib/node_modules/typescript/lib/lib.dom.iterable.d.ts","/home/hamza/.emacs.d/var/lsp/server/npm/typescript/lib/node_modules/typescript/lib/lib.webworker.importscripts.d.ts","/home/hamza/.emacs.d/var/lsp/server/npm/typescript/lib/node_modules/typescript/lib/lib.scripthost.d.ts","/home/hamza/.emacs.d/var/lsp/server/npm/typescript/lib/node_modules/typescript/lib/lib.es2015.core.d.ts","/home/hamza/.emacs.d/var/lsp/server/npm/typescript/lib/node_modules/typescript/lib/lib.es2015.collection.d.ts","/home/hamza/.emacs.d/var/lsp/server/npm/typescript/lib/node_modules/typescript/lib/lib.es2015.generator.d.ts","/home/hamza/.emacs.d/var/lsp/server/npm/typescript/lib/node_modules/typescript/lib/lib.es2015.iterable.d.ts","/home/hamza/.emacs.d/var/lsp/server/npm/typescript/lib/node_modules/typescript/lib/lib.es2015.promise.d.ts","/home/hamza/.emacs.d/var/lsp/server/npm/typescript/lib/node_modules/typescript/lib/lib.es2015.proxy.d.ts","/home/hamza/.emacs.d/var/lsp/server/npm/typescript/lib/node_modules/typescript/lib/lib.es2015.reflect.d.ts","/home/hamza/.emacs.d/var/lsp/server/npm/typescript/lib/node_modules/typescript/lib/lib.es2015.symbol.d.ts","/home/hamza/.emacs.d/var/lsp/server/npm/typescript/lib/node_modules/typescript/lib/lib.es2015.symbol.wellknown.d.ts","/home/hamza/.emacs.d/var/lsp/server/npm/typescript/lib/node_modules/typescript/lib/lib.es2016.array.include.d.ts","/home/hamza/.emacs.d/var/lsp/server/npm/typescript/lib/node_modules/typescript/lib/lib.es2016.full.d.ts","/home/hamza/dev/react/tenzies/src/components/die.jsx","/home/hamza/dev/react/tenzies/src/components/stopwatch.jsx","/home/hamza/dev/react/tenzies/src/App.js","/home/hamza/.cache/typescript/4.7/node_modules/@types/react/global.d.ts","/home/hamza/.cache/typescript/4.7/node_modules/@types/react/index.d.ts"],"compilerOptions":{"module":1,"target":3,"jsx":1,"allowJs":true,"allowSyntheticDefaultImports":true,"allowNonTsExtensions":true,"noEmitForJsFiles":true,"maxNodeModuleJsDepth":2},"typeAcquisition":{"enable":true,"include":[],"exclude":[]},"unresolvedImports":[],"projectRootPath":"/home/hamza/dev/react/tenzies/src","kind":"discover"}
[10:29:05.967] Explicitly included types: []
[10:29:05.967] Inferred 'react' typings due to presence of '.jsx' extension
[10:29:05.967] Inferred typings from unresolved imports: []
[10:29:05.967] Result: {"cachedTypingPaths":["/home/hamza/.cache/typescript/4.7/node_modules/@types/react/index.d.ts"],"newTypingNames":[],"filesToWatch":["/home/hamza/dev/react/tenzies/src/components/bower_components","/home/hamza/dev/react/tenzies/src/components/node_modules","/home/hamza/dev/react/tenzies/src/bower_components","/home/hamza/dev/react/tenzies/src/node_modules"]}
[10:29:05.967] Finished typings discovery: {"cachedTypingPaths":["/home/hamza/.cache/typescript/4.7/node_modules/@types/react/index.d.ts"],"newTypingNames":[],"filesToWatch":["/home/hamza/dev/react/tenzies/src/components/bower_components","/home/hamza/dev/react/tenzies/src/components/node_modules","/home/hamza/dev/react/tenzies/src/bower_components","/home/hamza/dev/react/tenzies/src/node_modules"]}
[10:29:05.967] Sending response:
    {"projectName":"/dev/null/inferredProject1*","typeAcquisition":{"enable":true,"include":[],"exclude":[]},"compilerOptions":{"module":1,"target":3,"jsx":1,"allowJs":true,"allowSyntheticDefaultImports":true,"allowNonTsExtensions":true,"noEmitForJsFiles":true,"maxNodeModuleJsDepth":2},"typings":["/home/hamza/.cache/typescript/4.7/node_modules/@types/react/index.d.ts"],"unresolvedImports":[],"kind":"action::set"}
[10:29:05.967] Response has been sent.
[10:29:05.967] No new typings were requested as a result of typings discovery
