[09:37:24.862] Global cache location '/home/hamza/.cache/typescript/4.7', safe file path '/home/hamza/.emacs.d/var/lsp/server/npm/typescript/lib/node_modules/typescript/lib/typingSafeList.json', types map path /home/hamza/.emacs.d/var/lsp/server/npm/typescript/lib/node_modules/typescript/lib/typesMap.json
[09:37:24.862] Processing cache location '/home/hamza/.cache/typescript/4.7'
[09:37:24.863] Trying to find '/home/hamza/.cache/typescript/4.7/package.json'...
[09:37:24.987] Loaded content of '/home/hamza/.cache/typescript/4.7/package.json': {"private":true,"dependencies":{"types-registry":"^0.1.602"},"devDependencies":{"@types/babel__core":"^7.1.19","@types/babel__preset-env":"^7.9.2","@types/react":"^18.0.15","@types/react-dom":"^18.0.6"}}
[09:37:24.988] Loaded content of '/home/hamza/.cache/typescript/4.7/package-lock.json'
[09:37:25.106] Adding entry into typings cache: 'babel__core' => '/home/hamza/.cache/typescript/4.7/node_modules/@types/babel__core/index.d.ts'
[09:37:25.162] Adding entry into typings cache: 'babel__preset-env' => '/home/hamza/.cache/typescript/4.7/node_modules/@types/babel__preset-env/index.d.ts'
[09:37:25.263] Adding entry into typings cache: 'react' => '/home/hamza/.cache/typescript/4.7/node_modules/@types/react/index.d.ts'
[09:37:25.309] Adding entry into typings cache: 'react-dom' => '/home/hamza/.cache/typescript/4.7/node_modules/@types/react-dom/index.d.ts'
[09:37:25.309] Finished processing cache location '/home/hamza/.cache/typescript/4.7'
[09:37:25.310] Process id: 7671
[09:37:25.310] NPM location: /usr/bin/npm (explicit '--npmLocation' not  provided)
[09:37:25.310] validateDefaultNpmLocation: false
[09:37:25.311] Npm config file: /home/hamza/.cache/typescript/4.7/package.json
[09:37:25.311] Updating types-registry npm package...
[09:37:25.311] Exec: /usr/bin/npm install --ignore-scripts types-registry@latest
[09:37:29.208]     Succeeded. stdout:
    
    up to date, audited 16 packages in 2s

found 0 vulnerabilities

[09:37:29.208] Updated types-registry npm package
[09:37:32.086] Got install request {"projectName":"/dev/null/inferredProject1*","fileNames":["/home/hamza/.emacs.d/var/lsp/server/npm/typescript/lib/node_modules/typescript/lib/lib.es5.d.ts","/home/hamza/.emacs.d/var/lsp/server/npm/typescript/lib/node_modules/typescript/lib/lib.es2015.d.ts","/home/hamza/.emacs.d/var/lsp/server/npm/typescript/lib/node_modules/typescript/lib/lib.es2016.d.ts","/home/hamza/.emacs.d/var/lsp/server/npm/typescript/lib/node_modules/typescript/lib/lib.dom.d.ts","/home/hamza/.emacs.d/var/lsp/server/npm/typescript/lib/node_modules/typescript/lib/lib.dom.iterable.d.ts","/home/hamza/.emacs.d/var/lsp/server/npm/typescript/lib/node_modules/typescript/lib/lib.webworker.importscripts.d.ts","/home/hamza/.emacs.d/var/lsp/server/npm/typescript/lib/node_modules/typescript/lib/lib.scripthost.d.ts","/home/hamza/.emacs.d/var/lsp/server/npm/typescript/lib/node_modules/typescript/lib/lib.es2015.core.d.ts","/home/hamza/.emacs.d/var/lsp/server/npm/typescript/lib/node_modules/typescript/lib/lib.es2015.collection.d.ts","/home/hamza/.emacs.d/var/lsp/server/npm/typescript/lib/node_modules/typescript/lib/lib.es2015.generator.d.ts","/home/hamza/.emacs.d/var/lsp/server/npm/typescript/lib/node_modules/typescript/lib/lib.es2015.iterable.d.ts","/home/hamza/.emacs.d/var/lsp/server/npm/typescript/lib/node_modules/typescript/lib/lib.es2015.promise.d.ts","/home/hamza/.emacs.d/var/lsp/server/npm/typescript/lib/node_modules/typescript/lib/lib.es2015.proxy.d.ts","/home/hamza/.emacs.d/var/lsp/server/npm/typescript/lib/node_modules/typescript/lib/lib.es2015.reflect.d.ts","/home/hamza/.emacs.d/var/lsp/server/npm/typescript/lib/node_modules/typescript/lib/lib.es2015.symbol.d.ts","/home/hamza/.emacs.d/var/lsp/server/npm/typescript/lib/node_modules/typescript/lib/lib.es2015.symbol.wellknown.d.ts","/home/hamza/.emacs.d/var/lsp/server/npm/typescript/lib/node_modules/typescript/lib/lib.es2016.array.include.d.ts","/home/hamza/.emacs.d/var/lsp/server/npm/typescript/lib/node_modules/typescript/lib/lib.es2016.full.d.ts","/home/hamza/dev/react/tenzies/src/components/die.jsx","/home/hamza/dev/react/tenzies/src/components/stopwatch.jsx","/home/hamza/dev/react/tenzies/src/App.js"],"compilerOptions":{"module":1,"target":3,"jsx":1,"allowJs":true,"allowSyntheticDefaultImports":true,"allowNonTsExtensions":true,"noEmitForJsFiles":true,"maxNodeModuleJsDepth":2},"typeAcquisition":{"enable":true,"include":[],"exclude":[]},"unresolvedImports":[],"projectRootPath":"/home/hamza/dev/react/tenzies/src","kind":"discover"}
[09:37:32.100] Loaded safelist from types map file '/home/hamza/.emacs.d/var/lsp/server/npm/typescript/lib/node_modules/typescript/lib/typesMap.json'
[09:37:32.100] Explicitly included types: []
[09:37:32.101] Inferred 'react' typings due to presence of '.jsx' extension
[09:37:32.101] Inferred typings from unresolved imports: []
[09:37:32.101] Result: {"cachedTypingPaths":["/home/hamza/.cache/typescript/4.7/node_modules/@types/react/index.d.ts"],"newTypingNames":[],"filesToWatch":["/home/hamza/dev/react/tenzies/src/components/bower_components","/home/hamza/dev/react/tenzies/src/components/node_modules","/home/hamza/dev/react/tenzies/src/bower_components","/home/hamza/dev/react/tenzies/src/node_modules"]}
[09:37:32.102] Finished typings discovery: {"cachedTypingPaths":["/home/hamza/.cache/typescript/4.7/node_modules/@types/react/index.d.ts"],"newTypingNames":[],"filesToWatch":["/home/hamza/dev/react/tenzies/src/components/bower_components","/home/hamza/dev/react/tenzies/src/components/node_modules","/home/hamza/dev/react/tenzies/src/bower_components","/home/hamza/dev/react/tenzies/src/node_modules"]}
[09:37:32.102] DirectoryWatcher:: Added:: WatchInfo: /home/hamza/dev/react/tenzies/src/components
[09:37:32.102] DirectoryWatcher:: Added:: WatchInfo: /home/hamza/dev/react/tenzies/src/components 1 undefined Project: /dev/null/inferredProject1* watcher already invoked: false
[09:37:32.104] Elapsed:: 1.5342890000902116ms DirectoryWatcher:: Added:: WatchInfo: /home/hamza/dev/react/tenzies/src/components 1 undefined Project: /dev/null/inferredProject1* watcher already invoked: false
[09:37:32.104] DirectoryWatcher:: Added:: WatchInfo: /home/hamza/dev/react/tenzies/src/bower_components
[09:37:32.105] DirectoryWatcher:: Added:: WatchInfo: /home/hamza/dev/react/tenzies/src/bower_components 1 undefined Project: /dev/null/inferredProject1* watcher already invoked: false
[09:37:32.105] Elapsed:: 0.811792999971658ms DirectoryWatcher:: Added:: WatchInfo: /home/hamza/dev/react/tenzies/src/bower_components 1 undefined Project: /dev/null/inferredProject1* watcher already invoked: false
[09:37:32.106] DirectoryWatcher:: Added:: WatchInfo: /home/hamza/dev/react/tenzies/src/node_modules
[09:37:32.106] DirectoryWatcher:: Added:: WatchInfo: /home/hamza/dev/react/tenzies/src/node_modules 1 undefined Project: /dev/null/inferredProject1* watcher already invoked: false
[09:37:32.106] Elapsed:: 0.10233200015500188ms DirectoryWatcher:: Added:: WatchInfo: /home/hamza/dev/react/tenzies/src/node_modules 1 undefined Project: /dev/null/inferredProject1* watcher already invoked: false
[09:37:32.106] Sending response:
    {"projectName":"/dev/null/inferredProject1*","typeAcquisition":{"enable":true,"include":[],"exclude":[]},"compilerOptions":{"module":1,"target":3,"jsx":1,"allowJs":true,"allowSyntheticDefaultImports":true,"allowNonTsExtensions":true,"noEmitForJsFiles":true,"maxNodeModuleJsDepth":2},"typings":["/home/hamza/.cache/typescript/4.7/node_modules/@types/react/index.d.ts"],"unresolvedImports":[],"kind":"action::set"}
[09:37:32.106] Response has been sent.
[09:37:32.106] No new typings were requested as a result of typings discovery
[09:37:32.542] Got install request {"projectName":"/dev/null/inferredProject1*","fileNames":["/home/hamza/.emacs.d/var/lsp/server/npm/typescript/lib/node_modules/typescript/lib/lib.es5.d.ts","/home/hamza/.emacs.d/var/lsp/server/npm/typescript/lib/node_modules/typescript/lib/lib.es2015.d.ts","/home/hamza/.emacs.d/var/lsp/server/npm/typescript/lib/node_modules/typescript/lib/lib.es2016.d.ts","/home/hamza/.emacs.d/var/lsp/server/npm/typescript/lib/node_modules/typescript/lib/lib.dom.d.ts","/home/hamza/.emacs.d/var/lsp/server/npm/typescript/lib/node_modules/typescript/lib/lib.dom.iterable.d.ts","/home/hamza/.emacs.d/var/lsp/server/npm/typescript/lib/node_modules/typescript/lib/lib.webworker.importscripts.d.ts","/home/hamza/.emacs.d/var/lsp/server/npm/typescript/lib/node_modules/typescript/lib/lib.scripthost.d.ts","/home/hamza/.emacs.d/var/lsp/server/npm/typescript/lib/node_modules/typescript/lib/lib.es2015.core.d.ts","/home/hamza/.emacs.d/var/lsp/server/npm/typescript/lib/node_modules/typescript/lib/lib.es2015.collection.d.ts","/home/hamza/.emacs.d/var/lsp/server/npm/typescript/lib/node_modules/typescript/lib/lib.es2015.generator.d.ts","/home/hamza/.emacs.d/var/lsp/server/npm/typescript/lib/node_modules/typescript/lib/lib.es2015.iterable.d.ts","/home/hamza/.emacs.d/var/lsp/server/npm/typescript/lib/node_modules/typescript/lib/lib.es2015.promise.d.ts","/home/hamza/.emacs.d/var/lsp/server/npm/typescript/lib/node_modules/typescript/lib/lib.es2015.proxy.d.ts","/home/hamza/.emacs.d/var/lsp/server/npm/typescript/lib/node_modules/typescript/lib/lib.es2015.reflect.d.ts","/home/hamza/.emacs.d/var/lsp/server/npm/typescript/lib/node_modules/typescript/lib/lib.es2015.symbol.d.ts","/home/hamza/.emacs.d/var/lsp/server/npm/typescript/lib/node_modules/typescript/lib/lib.es2015.symbol.wellknown.d.ts","/home/hamza/.emacs.d/var/lsp/server/npm/typescript/lib/node_modules/typescript/lib/lib.es2016.array.include.d.ts","/home/hamza/.emacs.d/var/lsp/server/npm/typescript/lib/node_modules/typescript/lib/lib.es2016.full.d.ts","/home/hamza/dev/react/tenzies/src/components/die.jsx","/home/hamza/dev/react/tenzies/src/components/stopwatch.jsx","/home/hamza/dev/react/tenzies/src/App.js","/home/hamza/.cache/typescript/4.7/node_modules/@types/react/global.d.ts","/home/hamza/.cache/typescript/4.7/node_modules/@types/react/index.d.ts"],"compilerOptions":{"module":1,"target":3,"jsx":1,"allowJs":true,"allowSyntheticDefaultImports":true,"allowNonTsExtensions":true,"noEmitForJsFiles":true,"maxNodeModuleJsDepth":2},"typeAcquisition":{"enable":true,"include":[],"exclude":[]},"unresolvedImports":[],"projectRootPath":"/home/hamza/dev/react/tenzies/src","kind":"discover"}
[09:37:32.542] Explicitly included types: []
[09:37:32.542] Inferred 'react' typings due to presence of '.jsx' extension
[09:37:32.542] Inferred typings from unresolved imports: []
[09:37:32.542] Result: {"cachedTypingPaths":["/home/hamza/.cache/typescript/4.7/node_modules/@types/react/index.d.ts"],"newTypingNames":[],"filesToWatch":["/home/hamza/dev/react/tenzies/src/components/bower_components","/home/hamza/dev/react/tenzies/src/components/node_modules","/home/hamza/dev/react/tenzies/src/bower_components","/home/hamza/dev/react/tenzies/src/node_modules"]}
[09:37:32.543] Finished typings discovery: {"cachedTypingPaths":["/home/hamza/.cache/typescript/4.7/node_modules/@types/react/index.d.ts"],"newTypingNames":[],"filesToWatch":["/home/hamza/dev/react/tenzies/src/components/bower_components","/home/hamza/dev/react/tenzies/src/components/node_modules","/home/hamza/dev/react/tenzies/src/bower_components","/home/hamza/dev/react/tenzies/src/node_modules"]}
[09:37:32.543] Sending response:
    {"projectName":"/dev/null/inferredProject1*","typeAcquisition":{"enable":true,"include":[],"exclude":[]},"compilerOptions":{"module":1,"target":3,"jsx":1,"allowJs":true,"allowSyntheticDefaultImports":true,"allowNonTsExtensions":true,"noEmitForJsFiles":true,"maxNodeModuleJsDepth":2},"typings":["/home/hamza/.cache/typescript/4.7/node_modules/@types/react/index.d.ts"],"unresolvedImports":[],"kind":"action::set"}
[09:37:32.543] Response has been sent.
[09:37:32.543] No new typings were requested as a result of typings discovery
